WARNING: 1 queries have no judgments! - 
   703
701  -  (body:u. body:oil body:industri body:histori)

701 Stats:
  Search Seconds:         0.774
  DocName Seconds:        1.642
  Num Points:         1,000.000
  Num Good Points:       60.000
  Max Good Points:      164.000
  Average Precision:      0.036
  MRR:                    0.500
  Recall:                 0.366
  Precision At 1:         0.000
  Precision At 2:         0.500
  Precision At 3:         0.333
  Precision At 4:         0.250
  Precision At 5:         0.200
  Precision At 6:         0.167
  Precision At 7:         0.143
  Precision At 8:         0.125
  Precision At 9:         0.111
  Precision At 10:        0.100
  Precision At 11:        0.091
  Precision At 12:        0.083
  Precision At 13:        0.077
  Precision At 14:        0.071
  Precision At 15:        0.133
  Precision At 16:        0.125
  Precision At 17:        0.118
  Precision At 18:        0.111
  Precision At 19:        0.105
  Precision At 20:        0.100

702  -  (body:pearl body:farm)

702 Stats:
  Search Seconds:         0.040
  DocName Seconds:        1.204
  Num Points:         1,000.000
  Num Good Points:       73.000
  Max Good Points:      201.000
  Average Precision:      0.051
  MRR:                    1.000
  Recall:                 0.363
  Precision At 1:         1.000
  Precision At 2:         0.500
  Precision At 3:         0.333
  Precision At 4:         0.500
  Precision At 5:         0.400
  Precision At 6:         0.333
  Precision At 7:         0.286
  Precision At 8:         0.375
  Precision At 9:         0.333
  Precision At 10:        0.300
  Precision At 11:        0.273
  Precision At 12:        0.333
  Precision At 13:        0.308
  Precision At 14:        0.286
  Precision At 15:        0.267
  Precision At 16:        0.250
  Precision At 17:        0.294
  Precision At 18:        0.333
  Precision At 19:        0.316
  Precision At 20:        0.300

703  -  (body:u. body:against body:intern body:crimin body:court)

703 Stats:
  Search Seconds:         0.461
  DocName Seconds:        0.723
  Num Points:         1,000.000
  Num Good Points:        0.000
  Max Good Points:        0.000
  Average Precision:      0.000
  MRR:                    0.000
  Recall:                 0.000
  Precision At 1:         0.000
  Precision At 2:         0.000
  Precision At 3:         0.000
  Precision At 4:         0.000
  Precision At 5:         0.000
  Precision At 6:         0.000
  Precision At 7:         0.000
  Precision At 8:         0.000
  Precision At 9:         0.000
  Precision At 10:        0.000
  Precision At 11:        0.000
  Precision At 12:        0.000
  Precision At 13:        0.000
  Precision At 14:        0.000
  Precision At 15:        0.000
  Precision At 16:        0.000
  Precision At 17:        0.000
  Precision At 18:        0.000
  Precision At 19:        0.000
  Precision At 20:        0.000

704  -  (body:green body:parti body:polit body:view)

704 Stats:
  Search Seconds:         0.499
  DocName Seconds:        0.508
  Num Points:         1,000.000
  Num Good Points:      158.000
  Max Good Points:      229.000
  Average Precision:      0.254
  MRR:                    1.000
  Recall:                 0.690
  Precision At 1:         1.000
  Precision At 2:         1.000
  Precision At 3:         0.667
  Precision At 4:         0.500
  Precision At 5:         0.400
  Precision At 6:         0.333
  Precision At 7:         0.286
  Precision At 8:         0.375
  Precision At 9:         0.333
  Precision At 10:        0.300
  Precision At 11:        0.273
  Precision At 12:        0.250
  Precision At 13:        0.308
  Precision At 14:        0.286
  Precision At 15:        0.333
  Precision At 16:        0.375
  Precision At 17:        0.353
  Precision At 18:        0.333
  Precision At 19:        0.368
  Precision At 20:        0.400

705  -  (body:iraq body:foreign body:debt body:reduct)

705 Stats:
  Search Seconds:         0.209
  DocName Seconds:        0.462
  Num Points:         1,000.000
  Num Good Points:      134.000
  Max Good Points:      167.000
  Average Precision:      0.300
  MRR:                    1.000
  Recall:                 0.802
  Precision At 1:         1.000
  Precision At 2:         1.000
  Precision At 3:         1.000
  Precision At 4:         1.000
  Precision At 5:         1.000
  Precision At 6:         1.000
  Precision At 7:         1.000
  Precision At 8:         0.875
  Precision At 9:         0.889
  Precision At 10:        0.800
  Precision At 11:        0.727
  Precision At 12:        0.667
  Precision At 13:        0.615
  Precision At 14:        0.571
  Precision At 15:        0.533
  Precision At 16:        0.500
  Precision At 17:        0.471
  Precision At 18:        0.444
  Precision At 19:        0.421
  Precision At 20:        0.400

706  -  (body:control body:type body:ii body:diabet)

706 Stats:
  Search Seconds:         0.598
  DocName Seconds:        0.448
  Num Points:         1,000.000
  Num Good Points:      104.000
  Max Good Points:      253.000
  Average Precision:      0.065
  MRR:                    0.500
  Recall:                 0.411
  Precision At 1:         0.000
  Precision At 2:         0.500
  Precision At 3:         0.333
  Precision At 4:         0.250
  Precision At 5:         0.200
  Precision At 6:         0.167
  Precision At 7:         0.286
  Precision At 8:         0.375
  Precision At 9:         0.333
  Precision At 10:        0.300
  Precision At 11:        0.273
  Precision At 12:        0.250
  Precision At 13:        0.308
  Precision At 14:        0.286
  Precision At 15:        0.333
  Precision At 16:        0.375
  Precision At 17:        0.353
  Precision At 18:        0.333
  Precision At 19:        0.368
  Precision At 20:        0.400

707  -  (body:aspirin body:cancer body:prevent)

707 Stats:
  Search Seconds:         0.217
  DocName Seconds:        0.235
  Num Points:         1,000.000
  Num Good Points:       71.000
  Max Good Points:      112.000
  Average Precision:      0.251
  MRR:                    1.000
  Recall:                 0.634
  Precision At 1:         1.000
  Precision At 2:         1.000
  Precision At 3:         1.000
  Precision At 4:         1.000
  Precision At 5:         1.000
  Precision At 6:         1.000
  Precision At 7:         1.000
  Precision At 8:         1.000
  Precision At 9:         1.000
  Precision At 10:        1.000
  Precision At 11:        0.909
  Precision At 12:        0.833
  Precision At 13:        0.769
  Precision At 14:        0.786
  Precision At 15:        0.800
  Precision At 16:        0.812
  Precision At 17:        0.824
  Precision At 18:        0.833
  Precision At 19:        0.789
  Precision At 20:        0.800

708  -  (body:decor body:slate body:sourc)

708 Stats:
  Search Seconds:         0.209
  DocName Seconds:        0.273
  Num Points:         1,000.000
  Num Good Points:       79.000
  Max Good Points:      152.000
  Average Precision:      0.192
  MRR:                    0.333
  Recall:                 0.520
  Precision At 1:         0.000
  Precision At 2:         0.000
  Precision At 3:         0.333
  Precision At 4:         0.500
  Precision At 5:         0.600
  Precision At 6:         0.667
  Precision At 7:         0.714
  Precision At 8:         0.750
  Precision At 9:         0.778
  Precision At 10:        0.800
  Precision At 11:        0.727
  Precision At 12:        0.667
  Precision At 13:        0.615
  Precision At 14:        0.571
  Precision At 15:        0.533
  Precision At 16:        0.500
  Precision At 17:        0.471
  Precision At 18:        0.444
  Precision At 19:        0.421
  Precision At 20:        0.450

709  -  (body:hors body:race body:jockei body:weight)

709 Stats:
  Search Seconds:         0.132
  DocName Seconds:        0.320
  Num Points:         1,000.000
  Num Good Points:      119.000
  Max Good Points:      120.000
  Average Precision:      0.800
  MRR:                    1.000
  Recall:                 0.992
  Precision At 1:         1.000
  Precision At 2:         0.500
  Precision At 3:         0.667
  Precision At 4:         0.750
  Precision At 5:         0.800
  Precision At 6:         0.833
  Precision At 7:         0.857
  Precision At 8:         0.875
  Precision At 9:         0.889
  Precision At 10:        0.900
  Precision At 11:        0.909
  Precision At 12:        0.917
  Precision At 13:        0.923
  Precision At 14:        0.929
  Precision At 15:        0.933
  Precision At 16:        0.938
  Precision At 17:        0.941
  Precision At 18:        0.944
  Precision At 19:        0.947
  Precision At 20:        0.950

710  -  (body:prostat body:cancer body:treatment)

710 Stats:
  Search Seconds:         0.083
  DocName Seconds:        0.172
  Num Points:         1,000.000
  Num Good Points:      269.000
  Max Good Points:      297.000
  Average Precision:      0.567
  MRR:                    1.000
  Recall:                 0.906
  Precision At 1:         1.000
  Precision At 2:         1.000
  Precision At 3:         0.667
  Precision At 4:         0.750
  Precision At 5:         0.800
  Precision At 6:         0.833
  Precision At 7:         0.857
  Precision At 8:         0.875
  Precision At 9:         0.889
  Precision At 10:        0.900
  Precision At 11:        0.909
  Precision At 12:        0.833
  Precision At 13:        0.846
  Precision At 14:        0.857
  Precision At 15:        0.867
  Precision At 16:        0.812
  Precision At 17:        0.824
  Precision At 18:        0.833
  Precision At 19:        0.842
  Precision At 20:        0.850

711  -  (body:train body:station body:secur body:measur)

711 Stats:
  Search Seconds:         0.631
  DocName Seconds:        0.147
  Num Points:         1,000.000
  Num Good Points:       27.000
  Max Good Points:       67.000
  Average Precision:      0.071
  MRR:                    0.000
  Recall:                 0.403
  Precision At 1:         0.000
  Precision At 2:         0.000
  Precision At 3:         0.000
  Precision At 4:         0.000
  Precision At 5:         0.000
  Precision At 6:         0.167
  Precision At 7:         0.143
  Precision At 8:         0.250
  Precision At 9:         0.333
  Precision At 10:        0.400
  Precision At 11:        0.455
  Precision At 12:        0.417
  Precision At 13:        0.385
  Precision At 14:        0.357
  Precision At 15:        0.333
  Precision At 16:        0.312
  Precision At 17:        0.294
  Precision At 18:        0.278
  Precision At 19:        0.263
  Precision At 20:        0.300

712  -  (body:pyramid body:scheme)

712 Stats:
  Search Seconds:         0.040
  DocName Seconds:        0.086
  Num Points:         1,000.000
  Num Good Points:      293.000
  Max Good Points:      414.000
  Average Precision:      0.547
  MRR:                    1.000
  Recall:                 0.708
  Precision At 1:         1.000
  Precision At 2:         1.000
  Precision At 3:         1.000
  Precision At 4:         1.000
  Precision At 5:         1.000
  Precision At 6:         1.000
  Precision At 7:         1.000
  Precision At 8:         1.000
  Precision At 9:         1.000
  Precision At 10:        1.000
  Precision At 11:        1.000
  Precision At 12:        1.000
  Precision At 13:        1.000
  Precision At 14:        1.000
  Precision At 15:        1.000
  Precision At 16:        1.000
  Precision At 17:        0.941
  Precision At 18:        0.944
  Precision At 19:        0.947
  Precision At 20:        0.900

713  -  (body:chesapeak body:bai body:maryland body:clean)

713 Stats:
  Search Seconds:         0.175
  DocName Seconds:        0.137
  Num Points:         1,000.000
  Num Good Points:      218.000
  Max Good Points:      282.000
  Average Precision:      0.336
  MRR:                    0.500
  Recall:                 0.773
  Precision At 1:         0.000
  Precision At 2:         0.500
  Precision At 3:         0.667
  Precision At 4:         0.750
  Precision At 5:         0.800
  Precision At 6:         0.667
  Precision At 7:         0.714
  Precision At 8:         0.750
  Precision At 9:         0.778
  Precision At 10:        0.700
  Precision At 11:        0.727
  Precision At 12:        0.667
  Precision At 13:        0.692
  Precision At 14:        0.643
  Precision At 15:        0.600
  Precision At 16:        0.562
  Precision At 17:        0.588
  Precision At 18:        0.611
  Precision At 19:        0.632
  Precision At 20:        0.650

714  -  (body:licens body:restrict body:older body:driver)

714 Stats:
  Search Seconds:         0.225
  DocName Seconds:        0.124
  Num Points:         1,000.000
  Num Good Points:       56.000
  Max Good Points:       61.000
  Average Precision:      0.141
  MRR:                    1.000
  Recall:                 0.918
  Precision At 1:         1.000
  Precision At 2:         0.500
  Precision At 3:         0.667
  Precision At 4:         0.500
  Precision At 5:         0.400
  Precision At 6:         0.333
  Precision At 7:         0.286
  Precision At 8:         0.250
  Precision At 9:         0.222
  Precision At 10:        0.300
  Precision At 11:        0.273
  Precision At 12:        0.250
  Precision At 13:        0.308
  Precision At 14:        0.357
  Precision At 15:        0.333
  Precision At 16:        0.312
  Precision At 17:        0.294
  Precision At 18:        0.278
  Precision At 19:        0.263
  Precision At 20:        0.250

715  -  (body:schizophrenia body:drug)

715 Stats:
  Search Seconds:         0.075
  DocName Seconds:        0.271
  Num Points:         1,000.000
  Num Good Points:       62.000
  Max Good Points:       80.000
  Average Precision:      0.151
  MRR:                    0.500
  Recall:                 0.775
  Precision At 1:         0.000
  Precision At 2:         0.500
  Precision At 3:         0.333
  Precision At 4:         0.250
  Precision At 5:         0.200
  Precision At 6:         0.333
  Precision At 7:         0.286
  Precision At 8:         0.250
  Precision At 9:         0.222
  Precision At 10:        0.200
  Precision At 11:        0.182
  Precision At 12:        0.167
  Precision At 13:        0.154
  Precision At 14:        0.143
  Precision At 15:        0.133
  Precision At 16:        0.125
  Precision At 17:        0.118
  Precision At 18:        0.111
  Precision At 19:        0.105
  Precision At 20:        0.100

716  -  (body:spammer body:arrest body:sue)

716 Stats:
  Search Seconds:         0.063
  DocName Seconds:        0.331
  Num Points:         1,000.000
  Num Good Points:       42.000
  Max Good Points:       66.000
  Average Precision:      0.074
  MRR:                    0.000
  Recall:                 0.636
  Precision At 1:         0.000
  Precision At 2:         0.000
  Precision At 3:         0.000
  Precision At 4:         0.000
  Precision At 5:         0.000
  Precision At 6:         0.000
  Precision At 7:         0.143
  Precision At 8:         0.125
  Precision At 9:         0.111
  Precision At 10:        0.100
  Precision At 11:        0.182
  Precision At 12:        0.167
  Precision At 13:        0.154
  Precision At 14:        0.143
  Precision At 15:        0.200
  Precision At 16:        0.188
  Precision At 17:        0.235
  Precision At 18:        0.222
  Precision At 19:        0.263
  Precision At 20:        0.250

717  -  (body:gift body:talent body:student body:program)

717 Stats:
  Search Seconds:         0.521
  DocName Seconds:        0.018
  Num Points:         1,000.000
  Num Good Points:      299.000
  Max Good Points:      537.000
  Average Precision:      0.351
  MRR:                    1.000
  Recall:                 0.557
  Precision At 1:         1.000
  Precision At 2:         1.000
  Precision At 3:         1.000
  Precision At 4:         1.000
  Precision At 5:         1.000
  Precision At 6:         1.000
  Precision At 7:         1.000
  Precision At 8:         1.000
  Precision At 9:         1.000
  Precision At 10:        1.000
  Precision At 11:        1.000
  Precision At 12:        1.000
  Precision At 13:        1.000
  Precision At 14:        0.929
  Precision At 15:        0.933
  Precision At 16:        0.938
  Precision At 17:        0.941
  Precision At 18:        0.944
  Precision At 19:        0.895
  Precision At 20:        0.850

718  -  (body:control body:acid body:rain)

718 Stats:
  Search Seconds:         0.105
  DocName Seconds:        0.045
  Num Points:         1,000.000
  Num Good Points:      332.000
  Max Good Points:      617.000
  Average Precision:      0.336
  MRR:                    1.000
  Recall:                 0.538
  Precision At 1:         1.000
  Precision At 2:         1.000
  Precision At 3:         1.000
  Precision At 4:         1.000
  Precision At 5:         1.000
  Precision At 6:         1.000
  Precision At 7:         1.000
  Precision At 8:         1.000
  Precision At 9:         1.000
  Precision At 10:        1.000
  Precision At 11:        1.000
  Precision At 12:        1.000
  Precision At 13:        1.000
  Precision At 14:        1.000
  Precision At 15:        1.000
  Precision At 16:        1.000
  Precision At 17:        1.000
  Precision At 18:        1.000
  Precision At 19:        1.000
  Precision At 20:        1.000

719  -  (body:cruis body:ship body:damag body:sea body:life)

719 Stats:
  Search Seconds:         0.256
  DocName Seconds:        0.035
  Num Points:         1,000.000
  Num Good Points:       87.000
  Max Good Points:      315.000
  Average Precision:      0.058
  MRR:                    1.000
  Recall:                 0.276
  Precision At 1:         1.000
  Precision At 2:         0.500
  Precision At 3:         0.333
  Precision At 4:         0.250
  Precision At 5:         0.400
  Precision At 6:         0.333
  Precision At 7:         0.286
  Precision At 8:         0.250
  Precision At 9:         0.222
  Precision At 10:        0.200
  Precision At 11:        0.273
  Precision At 12:        0.250
  Precision At 13:        0.231
  Precision At 14:        0.286
  Precision At 15:        0.267
  Precision At 16:        0.312
  Precision At 17:        0.294
  Precision At 18:        0.333
  Precision At 19:        0.368
  Precision At 20:        0.400

720  -  (body:feder body:welfar body:reform)

720 Stats:
  Search Seconds:         0.361
  DocName Seconds:        0.086
  Num Points:         1,000.000
  Num Good Points:      311.000
  Max Good Points:      561.000
  Average Precision:      0.278
  MRR:                    0.333
  Recall:                 0.554
  Precision At 1:         0.000
  Precision At 2:         0.000
  Precision At 3:         0.333
  Precision At 4:         0.500
  Precision At 5:         0.600
  Precision At 6:         0.500
  Precision At 7:         0.429
  Precision At 8:         0.500
  Precision At 9:         0.444
  Precision At 10:        0.400
  Precision At 11:        0.455
  Precision At 12:        0.500
  Precision At 13:        0.462
  Precision At 14:        0.500
  Precision At 15:        0.533
  Precision At 16:        0.562
  Precision At 17:        0.588
  Precision At 18:        0.611
  Precision At 19:        0.632
  Precision At 20:        0.600

721  -  (body:censu body:data body:applic)

721 Stats:
  Search Seconds:         0.737
  DocName Seconds:        0.026
  Num Points:         1,000.000
  Num Good Points:       80.000
  Max Good Points:      362.000
  Average Precision:      0.022
  MRR:                    0.000
  Recall:                 0.221
  Precision At 1:         0.000
  Precision At 2:         0.000
  Precision At 3:         0.000
  Precision At 4:         0.000
  Precision At 5:         0.000
  Precision At 6:         0.000
  Precision At 7:         0.000
  Precision At 8:         0.000
  Precision At 9:         0.000
  Precision At 10:        0.000
  Precision At 11:        0.000
  Precision At 12:        0.000
  Precision At 13:        0.000
  Precision At 14:        0.000
  Precision At 15:        0.000
  Precision At 16:        0.000
  Precision At 17:        0.059
  Precision At 18:        0.056
  Precision At 19:        0.053
  Precision At 20:        0.050

722  -  (body:iran body:terror)

722 Stats:
  Search Seconds:         0.017
  DocName Seconds:        0.060
  Num Points:         1,000.000
  Num Good Points:      165.000
  Max Good Points:      203.000
  Average Precision:      0.424
  MRR:                    1.000
  Recall:                 0.813
  Precision At 1:         1.000
  Precision At 2:         0.500
  Precision At 3:         0.333
  Precision At 4:         0.250
  Precision At 5:         0.400
  Precision At 6:         0.333
  Precision At 7:         0.429
  Precision At 8:         0.500
  Precision At 9:         0.556
  Precision At 10:        0.600
  Precision At 11:        0.636
  Precision At 12:        0.667
  Precision At 13:        0.692
  Precision At 14:        0.714
  Precision At 15:        0.733
  Precision At 16:        0.750
  Precision At 17:        0.765
  Precision At 18:        0.778
  Precision At 19:        0.789
  Precision At 20:        0.800

723  -  (body:execut body:privileg)

723 Stats:
  Search Seconds:         0.166
  DocName Seconds:        0.031
  Num Points:         1,000.000
  Num Good Points:       56.000
  Max Good Points:      109.000
  Average Precision:      0.141
  MRR:                    0.500
  Recall:                 0.514
  Precision At 1:         0.000
  Precision At 2:         0.500
  Precision At 3:         0.333
  Precision At 4:         0.250
  Precision At 5:         0.400
  Precision At 6:         0.333
  Precision At 7:         0.286
  Precision At 8:         0.375
  Precision At 9:         0.444
  Precision At 10:        0.400
  Precision At 11:        0.455
  Precision At 12:        0.500
  Precision At 13:        0.538
  Precision At 14:        0.571
  Precision At 15:        0.600
  Precision At 16:        0.625
  Precision At 17:        0.647
  Precision At 18:        0.611
  Precision At 19:        0.632
  Precision At 20:        0.650

724  -  (body:iran body:contra)

724 Stats:
  Search Seconds:         0.011
  DocName Seconds:        0.052
  Num Points:         1,000.000
  Num Good Points:       29.000
  Max Good Points:       30.000
  Average Precision:      0.203
  MRR:                    0.500
  Recall:                 0.967
  Precision At 1:         0.000
  Precision At 2:         0.500
  Precision At 3:         0.333
  Precision At 4:         0.250
  Precision At 5:         0.200
  Precision At 6:         0.167
  Precision At 7:         0.286
  Precision At 8:         0.250
  Precision At 9:         0.333
  Precision At 10:        0.300
  Precision At 11:        0.364
  Precision At 12:        0.417
  Precision At 13:        0.385
  Precision At 14:        0.429
  Precision At 15:        0.400
  Precision At 16:        0.438
  Precision At 17:        0.471
  Precision At 18:        0.444
  Precision At 19:        0.421
  Precision At 20:        0.400

725  -  (body:low body:white body:blood body:cell body:count)

725 Stats:
  Search Seconds:         0.387
  DocName Seconds:        0.039
  Num Points:         1,000.000
  Num Good Points:      161.000
  Max Good Points:      211.000
  Average Precision:      0.308
  MRR:                    1.000
  Recall:                 0.763
  Precision At 1:         1.000
  Precision At 2:         1.000
  Precision At 3:         0.667
  Precision At 4:         0.500
  Precision At 5:         0.400
  Precision At 6:         0.333
  Precision At 7:         0.429
  Precision At 8:         0.500
  Precision At 9:         0.556
  Precision At 10:        0.500
  Precision At 11:        0.455
  Precision At 12:        0.500
  Precision At 13:        0.538
  Precision At 14:        0.571
  Precision At 15:        0.600
  Precision At 16:        0.562
  Precision At 17:        0.588
  Precision At 18:        0.611
  Precision At 19:        0.632
  Precision At 20:        0.600

726  -  (body:hubbl body:telescop body:repair)

726 Stats:
  Search Seconds:         0.064
  DocName Seconds:        0.018
  Num Points:         1,000.000
  Num Good Points:      240.000
  Max Good Points:      285.000
  Average Precision:      0.522
  MRR:                    1.000
  Recall:                 0.842
  Precision At 1:         1.000
  Precision At 2:         1.000
  Precision At 3:         1.000
  Precision At 4:         0.750
  Precision At 5:         0.800
  Precision At 6:         0.833
  Precision At 7:         0.714
  Precision At 8:         0.750
  Precision At 9:         0.778
  Precision At 10:        0.800
  Precision At 11:        0.818
  Precision At 12:        0.833
  Precision At 13:        0.846
  Precision At 14:        0.786
  Precision At 15:        0.733
  Precision At 16:        0.688
  Precision At 17:        0.706
  Precision At 18:        0.722
  Precision At 19:        0.684
  Precision At 20:        0.650

727  -  (body:church body:arson)

727 Stats:
  Search Seconds:         0.071
  DocName Seconds:        0.025
  Num Points:         1,000.000
  Num Good Points:       71.000
  Max Good Points:       83.000
  Average Precision:      0.396
  MRR:                    1.000
  Recall:                 0.855
  Precision At 1:         1.000
  Precision At 2:         1.000
  Precision At 3:         1.000
  Precision At 4:         1.000
  Precision At 5:         1.000
  Precision At 6:         1.000
  Precision At 7:         0.857
  Precision At 8:         0.750
  Precision At 9:         0.778
  Precision At 10:        0.700
  Precision At 11:        0.636
  Precision At 12:        0.667
  Precision At 13:        0.615
  Precision At 14:        0.643
  Precision At 15:        0.600
  Precision At 16:        0.562
  Precision At 17:        0.529
  Precision At 18:        0.500
  Precision At 19:        0.474
  Precision At 20:        0.450

728  -  (body:whale body:save body:endang)

728 Stats:
  Search Seconds:         0.126
  DocName Seconds:        0.023
  Num Points:         1,000.000
  Num Good Points:      404.000
  Max Good Points:      606.000
  Average Precision:      0.455
  MRR:                    1.000
  Recall:                 0.667
  Precision At 1:         1.000
  Precision At 2:         1.000
  Precision At 3:         1.000
  Precision At 4:         1.000
  Precision At 5:         1.000
  Precision At 6:         1.000
  Precision At 7:         1.000
  Precision At 8:         1.000
  Precision At 9:         1.000
  Precision At 10:        1.000
  Precision At 11:        1.000
  Precision At 12:        0.917
  Precision At 13:        0.846
  Precision At 14:        0.857
  Precision At 15:        0.867
  Precision At 16:        0.812
  Precision At 17:        0.824
  Precision At 18:        0.833
  Precision At 19:        0.789
  Precision At 20:        0.800

729  -  (body:whistl body:blower body:depart body:defens)

729 Stats:
  Search Seconds:         0.467
  DocName Seconds:        0.040
  Num Points:         1,000.000
  Num Good Points:        3.000
  Max Good Points:        7.000
  Average Precision:      0.004
  MRR:                    0.000
  Recall:                 0.429
  Precision At 1:         0.000
  Precision At 2:         0.000
  Precision At 3:         0.000
  Precision At 4:         0.000
  Precision At 5:         0.000
  Precision At 6:         0.000
  Precision At 7:         0.000
  Precision At 8:         0.000
  Precision At 9:         0.000
  Precision At 10:        0.000
  Precision At 11:        0.000
  Precision At 12:        0.000
  Precision At 13:        0.000
  Precision At 14:        0.000
  Precision At 15:        0.000
  Precision At 16:        0.000
  Precision At 17:        0.000
  Precision At 18:        0.000
  Precision At 19:        0.000
  Precision At 20:        0.000

730  -  (body:gastric body:bypass body:complic)

730 Stats:
  Search Seconds:         0.060
  DocName Seconds:        0.061
  Num Points:         1,000.000
  Num Good Points:       34.000
  Max Good Points:       40.000
  Average Precision:      0.442
  MRR:                    0.333
  Recall:                 0.850
  Precision At 1:         0.000
  Precision At 2:         0.000
  Precision At 3:         0.333
  Precision At 4:         0.500
  Precision At 5:         0.600
  Precision At 6:         0.500
  Precision At 7:         0.571
  Precision At 8:         0.625
  Precision At 9:         0.667
  Precision At 10:        0.600
  Precision At 11:        0.636
  Precision At 12:        0.667
  Precision At 13:        0.692
  Precision At 14:        0.714
  Precision At 15:        0.733
  Precision At 16:        0.750
  Precision At 17:        0.706
  Precision At 18:        0.722
  Precision At 19:        0.737
  Precision At 20:        0.700

731  -  (body:kurd body:histori)

731 Stats:
  Search Seconds:         0.071
  DocName Seconds:        0.026
  Num Points:         1,000.000
  Num Good Points:      176.000
  Max Good Points:      247.000
  Average Precision:      0.263
  MRR:                    0.200
  Recall:                 0.713
  Precision At 1:         0.000
  Precision At 2:         0.000
  Precision At 3:         0.000
  Precision At 4:         0.000
  Precision At 5:         0.200
  Precision At 6:         0.167
  Precision At 7:         0.143
  Precision At 8:         0.125
  Precision At 9:         0.111
  Precision At 10:        0.100
  Precision At 11:        0.091
  Precision At 12:        0.167
  Precision At 13:        0.154
  Precision At 14:        0.214
  Precision At 15:        0.267
  Precision At 16:        0.250
  Precision At 17:        0.235
  Precision At 18:        0.222
  Precision At 19:        0.263
  Precision At 20:        0.250

732  -  (body:u. body:chees body:product)

732 Stats:
  Search Seconds:         0.249
  DocName Seconds:        0.012
  Num Points:         1,000.000
  Num Good Points:      341.000
  Max Good Points:      617.000
  Average Precision:      0.269
  MRR:                    0.500
  Recall:                 0.553
  Precision At 1:         0.000
  Precision At 2:         0.500
  Precision At 3:         0.333
  Precision At 4:         0.250
  Precision At 5:         0.200
  Precision At 6:         0.333
  Precision At 7:         0.429
  Precision At 8:         0.375
  Precision At 9:         0.333
  Precision At 10:        0.300
  Precision At 11:        0.273
  Precision At 12:        0.250
  Precision At 13:        0.308
  Precision At 14:        0.286
  Precision At 15:        0.267
  Precision At 16:        0.250
  Precision At 17:        0.294
  Precision At 18:        0.278
  Precision At 19:        0.263
  Precision At 20:        0.300

733  -  (body:airlin body:overbook)

733 Stats:
  Search Seconds:         0.010
  DocName Seconds:        0.013
  Num Points:         1,000.000
  Num Good Points:       46.000
  Max Good Points:       68.000
  Average Precision:      0.267
  MRR:                    1.000
  Recall:                 0.676
  Precision At 1:         1.000
  Precision At 2:         0.500
  Precision At 3:         0.333
  Precision At 4:         0.500
  Precision At 5:         0.600
  Precision At 6:         0.667
  Precision At 7:         0.714
  Precision At 8:         0.750
  Precision At 9:         0.778
  Precision At 10:        0.700
  Precision At 11:        0.727
  Precision At 12:        0.750
  Precision At 13:        0.692
  Precision At 14:        0.714
  Precision At 15:        0.733
  Precision At 16:        0.750
  Precision At 17:        0.765
  Precision At 18:        0.778
  Precision At 19:        0.737
  Precision At 20:        0.700

734  -  (body:recycl body:success)

734 Stats:
  Search Seconds:         0.088
  DocName Seconds:        0.021
  Num Points:         1,000.000
  Num Good Points:      228.000
  Max Good Points:      405.000
  Average Precision:      0.228
  MRR:                    0.500
  Recall:                 0.563
  Precision At 1:         0.000
  Precision At 2:         0.500
  Precision At 3:         0.667
  Precision At 4:         0.500
  Precision At 5:         0.600
  Precision At 6:         0.500
  Precision At 7:         0.429
  Precision At 8:         0.375
  Precision At 9:         0.444
  Precision At 10:        0.500
  Precision At 11:        0.455
  Precision At 12:        0.417
  Precision At 13:        0.462
  Precision At 14:        0.500
  Precision At 15:        0.533
  Precision At 16:        0.562
  Precision At 17:        0.588
  Precision At 18:        0.611
  Precision At 19:        0.632
  Precision At 20:        0.600

735  -  (body:afghan body:women body:condit)

735 Stats:
  Search Seconds:         0.275
  DocName Seconds:        0.015
  Num Points:         1,000.000
  Num Good Points:      135.000
  Max Good Points:      163.000
  Average Precision:      0.234
  MRR:                    1.000
  Recall:                 0.828
  Precision At 1:         1.000
  Precision At 2:         1.000
  Precision At 3:         1.000
  Precision At 4:         1.000
  Precision At 5:         0.800
  Precision At 6:         0.667
  Precision At 7:         0.714
  Precision At 8:         0.750
  Precision At 9:         0.667
  Precision At 10:        0.600
  Precision At 11:        0.545
  Precision At 12:        0.583
  Precision At 13:        0.615
  Precision At 14:        0.643
  Precision At 15:        0.600
  Precision At 16:        0.562
  Precision At 17:        0.529
  Precision At 18:        0.500
  Precision At 19:        0.474
  Precision At 20:        0.450

736  -  (body:locat body:bse body:infect)

736 Stats:
  Search Seconds:         0.285
  DocName Seconds:        0.023
  Num Points:         1,000.000
  Num Good Points:      376.000
  Max Good Points:      473.000
  Average Precision:      0.625
  MRR:                    1.000
  Recall:                 0.795
  Precision At 1:         1.000
  Precision At 2:         1.000
  Precision At 3:         1.000
  Precision At 4:         1.000
  Precision At 5:         1.000
  Precision At 6:         1.000
  Precision At 7:         1.000
  Precision At 8:         1.000
  Precision At 9:         1.000
  Precision At 10:        1.000
  Precision At 11:        1.000
  Precision At 12:        1.000
  Precision At 13:        1.000
  Precision At 14:        1.000
  Precision At 15:        1.000
  Precision At 16:        1.000
  Precision At 17:        1.000
  Precision At 18:        1.000
  Precision At 19:        1.000
  Precision At 20:        1.000

737  -  (body:enron body:california body:energi body:crisi)

737 Stats:
  Search Seconds:         0.334
  DocName Seconds:        0.020
  Num Points:         1,000.000
  Num Good Points:      207.000
  Max Good Points:      230.000
  Average Precision:      0.603
  MRR:                    1.000
  Recall:                 0.900
  Precision At 1:         1.000
  Precision At 2:         1.000
  Precision At 3:         1.000
  Precision At 4:         1.000
  Precision At 5:         0.800
  Precision At 6:         0.833
  Precision At 7:         0.857
  Precision At 8:         0.875
  Precision At 9:         0.889
  Precision At 10:        0.900
  Precision At 11:        0.909
  Precision At 12:        0.917
  Precision At 13:        0.923
  Precision At 14:        0.857
  Precision At 15:        0.867
  Precision At 16:        0.875
  Precision At 17:        0.882
  Precision At 18:        0.889
  Precision At 19:        0.842
  Precision At 20:        0.850

738  -  (body:anthrax body:hoax)

738 Stats:
  Search Seconds:         0.022
  DocName Seconds:        0.038
  Num Points:         1,000.000
  Num Good Points:       94.000
  Max Good Points:       99.000
  Average Precision:      0.602
  MRR:                    1.000
  Recall:                 0.949
  Precision At 1:         1.000
  Precision At 2:         1.000
  Precision At 3:         1.000
  Precision At 4:         1.000
  Precision At 5:         1.000
  Precision At 6:         1.000
  Precision At 7:         0.857
  Precision At 8:         0.875
  Precision At 9:         0.889
  Precision At 10:        0.900
  Precision At 11:        0.909
  Precision At 12:        0.917
  Precision At 13:        0.923
  Precision At 14:        0.929
  Precision At 15:        0.867
  Precision At 16:        0.875
  Precision At 17:        0.824
  Precision At 18:        0.833
  Precision At 19:        0.842
  Precision At 20:        0.850

739  -  (body:habitat body:human)

739 Stats:
  Search Seconds:         0.191
  DocName Seconds:        0.029
  Num Points:         1,000.000
  Num Good Points:      203.000
  Max Good Points:      447.000
  Average Precision:      0.192
  MRR:                    0.333
  Recall:                 0.454
  Precision At 1:         0.000
  Precision At 2:         0.000
  Precision At 3:         0.333
  Precision At 4:         0.500
  Precision At 5:         0.400
  Precision At 6:         0.333
  Precision At 7:         0.429
  Precision At 8:         0.500
  Precision At 9:         0.556
  Precision At 10:        0.600
  Precision At 11:        0.636
  Precision At 12:        0.667
  Precision At 13:        0.692
  Precision At 14:        0.714
  Precision At 15:        0.667
  Precision At 16:        0.688
  Precision At 17:        0.647
  Precision At 18:        0.611
  Precision At 19:        0.579
  Precision At 20:        0.600

740  -  (body:regul body:assist body:live body:maryland)

740 Stats:
  Search Seconds:         0.454
  DocName Seconds:        0.010
  Num Points:         1,000.000
  Num Good Points:       48.000
  Max Good Points:       63.000
  Average Precision:      0.249
  MRR:                    1.000
  Recall:                 0.762
  Precision At 1:         1.000
  Precision At 2:         1.000
  Precision At 3:         0.667
  Precision At 4:         0.750
  Precision At 5:         0.800
  Precision At 6:         0.833
  Precision At 7:         0.714
  Precision At 8:         0.625
  Precision At 9:         0.556
  Precision At 10:        0.500
  Precision At 11:        0.545
  Precision At 12:        0.500
  Precision At 13:        0.462
  Precision At 14:        0.429
  Precision At 15:        0.467
  Precision At 16:        0.438
  Precision At 17:        0.471
  Precision At 18:        0.500
  Precision At 19:        0.474
  Precision At 20:        0.500

741  -  (body:artifici body:intellig)

741 Stats:
  Search Seconds:         0.040
  DocName Seconds:        0.091
  Num Points:         1,000.000
  Num Good Points:       78.000
  Max Good Points:       95.000
  Average Precision:      0.096
  MRR:                    0.000
  Recall:                 0.821
  Precision At 1:         0.000
  Precision At 2:         0.000
  Precision At 3:         0.000
  Precision At 4:         0.000
  Precision At 5:         0.000
  Precision At 6:         0.000
  Precision At 7:         0.000
  Precision At 8:         0.000
  Precision At 9:         0.111
  Precision At 10:        0.100
  Precision At 11:        0.091
  Precision At 12:        0.083
  Precision At 13:        0.077
  Precision At 14:        0.071
  Precision At 15:        0.067
  Precision At 16:        0.062
  Precision At 17:        0.059
  Precision At 18:        0.056
  Precision At 19:        0.053
  Precision At 20:        0.050

742  -  (body:hedg body:fund body:fraud body:protect)

742 Stats:
  Search Seconds:         0.399
  DocName Seconds:        0.020
  Num Points:         1,000.000
  Num Good Points:       96.000
  Max Good Points:      103.000
  Average Precision:      0.324
  MRR:                    1.000
  Recall:                 0.932
  Precision At 1:         1.000
  Precision At 2:         1.000
  Precision At 3:         1.000
  Precision At 4:         1.000
  Precision At 5:         1.000
  Precision At 6:         0.833
  Precision At 7:         0.714
  Precision At 8:         0.750
  Precision At 9:         0.667
  Precision At 10:        0.600
  Precision At 11:        0.545
  Precision At 12:        0.583
  Precision At 13:        0.538
  Precision At 14:        0.500
  Precision At 15:        0.467
  Precision At 16:        0.500
  Precision At 17:        0.471
  Precision At 18:        0.444
  Precision At 19:        0.421
  Precision At 20:        0.400

743  -  (body:freighter body:ship body:registr)

743 Stats:
  Search Seconds:         0.089
  DocName Seconds:        0.032
  Num Points:         1,000.000
  Num Good Points:       19.000
  Max Good Points:       54.000
  Average Precision:      0.013
  MRR:                    0.000
  Recall:                 0.352
  Precision At 1:         0.000
  Precision At 2:         0.000
  Precision At 3:         0.000
  Precision At 4:         0.000
  Precision At 5:         0.000
  Precision At 6:         0.000
  Precision At 7:         0.000
  Precision At 8:         0.000
  Precision At 9:         0.000
  Precision At 10:        0.000
  Precision At 11:        0.000
  Precision At 12:        0.000
  Precision At 13:        0.000
  Precision At 14:        0.000
  Precision At 15:        0.000
  Precision At 16:        0.000
  Precision At 17:        0.000
  Precision At 18:        0.000
  Precision At 19:        0.000
  Precision At 20:        0.000

744  -  (body:counterfeit body:id body:punish)

744 Stats:
  Search Seconds:         0.107
  DocName Seconds:        0.013
  Num Points:         1,000.000
  Num Good Points:       37.000
  Max Good Points:       84.000
  Average Precision:      0.021
  MRR:                    0.000
  Recall:                 0.440
  Precision At 1:         0.000
  Precision At 2:         0.000
  Precision At 3:         0.000
  Precision At 4:         0.000
  Precision At 5:         0.000
  Precision At 6:         0.000
  Precision At 7:         0.000
  Precision At 8:         0.000
  Precision At 9:         0.000
  Precision At 10:        0.000
  Precision At 11:        0.000
  Precision At 12:        0.000
  Precision At 13:        0.000
  Precision At 14:        0.000
  Precision At 15:        0.000
  Precision At 16:        0.000
  Precision At 17:        0.000
  Precision At 18:        0.000
  Precision At 19:        0.000
  Precision At 20:        0.000

745  -  (body:doomsdai body:cult)

745 Stats:
  Search Seconds:         0.005
  DocName Seconds:        0.041
  Num Points:         1,000.000
  Num Good Points:       30.000
  Max Good Points:       46.000
  Average Precision:      0.317
  MRR:                    1.000
  Recall:                 0.652
  Precision At 1:         1.000
  Precision At 2:         1.000
  Precision At 3:         1.000
  Precision At 4:         1.000
  Precision At 5:         0.800
  Precision At 6:         0.667
  Precision At 7:         0.571
  Precision At 8:         0.500
  Precision At 9:         0.444
  Precision At 10:        0.400
  Precision At 11:        0.455
  Precision At 12:        0.417
  Precision At 13:        0.462
  Precision At 14:        0.500
  Precision At 15:        0.533
  Precision At 16:        0.562
  Precision At 17:        0.588
  Precision At 18:        0.611
  Precision At 19:        0.632
  Precision At 20:        0.650

746  -  (body:outsourc body:job body:india)

746 Stats:
  Search Seconds:         0.172
  DocName Seconds:        0.028
  Num Points:         1,000.000
  Num Good Points:       88.000
  Max Good Points:      173.000
  Average Precision:      0.257
  MRR:                    1.000
  Recall:                 0.509
  Precision At 1:         1.000
  Precision At 2:         1.000
  Precision At 3:         1.000
  Precision At 4:         1.000
  Precision At 5:         1.000
  Precision At 6:         1.000
  Precision At 7:         1.000
  Precision At 8:         1.000
  Precision At 9:         1.000
  Precision At 10:        1.000
  Precision At 11:        1.000
  Precision At 12:        1.000
  Precision At 13:        1.000
  Precision At 14:        1.000
  Precision At 15:        1.000
  Precision At 16:        1.000
  Precision At 17:        1.000
  Precision At 18:        1.000
  Precision At 19:        1.000
  Precision At 20:        1.000

747  -  (body:librari body:comput body:oversight)

747 Stats:
  Search Seconds:         0.476
  DocName Seconds:        0.013
  Num Points:         1,000.000
  Num Good Points:       26.000
  Max Good Points:      189.000
  Average Precision:      0.061
  MRR:                    1.000
  Recall:                 0.138
  Precision At 1:         1.000
  Precision At 2:         1.000
  Precision At 3:         1.000
  Precision At 4:         1.000
  Precision At 5:         0.800
  Precision At 6:         0.833
  Precision At 7:         0.857
  Precision At 8:         0.875
  Precision At 9:         0.778
  Precision At 10:        0.700
  Precision At 11:        0.636
  Precision At 12:        0.583
  Precision At 13:        0.615
  Precision At 14:        0.571
  Precision At 15:        0.533
  Precision At 16:        0.500
  Precision At 17:        0.471
  Precision At 18:        0.444
  Precision At 19:        0.474
  Precision At 20:        0.500

748  -  (body:nuclear body:reactor body:type)

748 Stats:
  Search Seconds:         0.155
  DocName Seconds:        0.007
  Num Points:         1,000.000
  Num Good Points:      193.000
  Max Good Points:      312.000
  Average Precision:      0.312
  MRR:                    0.500
  Recall:                 0.619
  Precision At 1:         0.000
  Precision At 2:         0.500
  Precision At 3:         0.333
  Precision At 4:         0.500
  Precision At 5:         0.400
  Precision At 6:         0.333
  Precision At 7:         0.286
  Precision At 8:         0.375
  Precision At 9:         0.444
  Precision At 10:        0.400
  Precision At 11:        0.364
  Precision At 12:        0.417
  Precision At 13:        0.385
  Precision At 14:        0.357
  Precision At 15:        0.400
  Precision At 16:        0.438
  Precision At 17:        0.471
  Precision At 18:        0.500
  Precision At 19:        0.474
  Precision At 20:        0.450

749  -  (body:puerto body:rico body:state)

749 Stats:
  Search Seconds:         0.542
  DocName Seconds:        0.020
  Num Points:         1,000.000
  Num Good Points:       79.000
  Max Good Points:      102.000
  Average Precision:      0.354
  MRR:                    1.000
  Recall:                 0.775
  Precision At 1:         1.000
  Precision At 2:         0.500
  Precision At 3:         0.667
  Precision At 4:         0.750
  Precision At 5:         0.800
  Precision At 6:         0.833
  Precision At 7:         0.857
  Precision At 8:         0.875
  Precision At 9:         0.889
  Precision At 10:        0.900
  Precision At 11:        0.909
  Precision At 12:        0.917
  Precision At 13:        0.923
  Precision At 14:        0.929
  Precision At 15:        0.867
  Precision At 16:        0.812
  Precision At 17:        0.824
  Precision At 18:        0.833
  Precision At 19:        0.789
  Precision At 20:        0.800

750  -  (body:john body:edward body:women body:issu)

750 Stats:
  Search Seconds:         0.333
  DocName Seconds:        0.041
  Num Points:         1,000.000
  Num Good Points:       11.000
  Max Good Points:       16.000
  Average Precision:      0.091
  MRR:                    0.250
  Recall:                 0.688
  Precision At 1:         0.000
  Precision At 2:         0.000
  Precision At 3:         0.000
  Precision At 4:         0.250
  Precision At 5:         0.200
  Precision At 6:         0.167
  Precision At 7:         0.143
  Precision At 8:         0.125
  Precision At 9:         0.111
  Precision At 10:        0.100
  Precision At 11:        0.091
  Precision At 12:        0.083
  Precision At 13:        0.077
  Precision At 14:        0.071
  Precision At 15:        0.067
  Precision At 16:        0.125
  Precision At 17:        0.176
  Precision At 18:        0.222
  Precision At 19:        0.211
  Precision At 20:        0.200



SUMMARY
  Search Seconds:         0.241
  DocName Seconds:        0.163
  Num Points:         1,000.000
  Num Good Points:      133.633
  Max Good Points:      216.673
  Average Precision:      0.268
  MRR:                    0.679
  Recall:                 0.650
  Precision At 1:         0.551
  Precision At 2:         0.571
  Precision At 3:         0.551
  Precision At 4:         0.556
  Precision At 5:         0.551
  Precision At 6:         0.534
  Precision At 7:         0.531
  Precision At 8:         0.541
  Precision At 9:         0.544
  Precision At 10:        0.529
  Precision At 11:        0.527
  Precision At 12:        0.524
  Precision At 13:        0.523
  Precision At 14:        0.522
  Precision At 15:        0.521
  Precision At 16:        0.519
  Precision At 17:        0.521
  Precision At 18:        0.522
  Precision At 19:        0.517
  Precision At 20:        0.514


