mg4j-big-5.4.1/README
mg4j-big-5.4.1/CHANGES
mg4j-big-5.4.1/COPYING
mg4j-big-5.4.1/COPYING.LESSER
mg4j-big-5.4.1/mg4j-big-5.4.1.jar
mg4j-big-5.4.1/docs/
mg4j-big-5.4.1/docs/serialized-form.html
mg4j-big-5.4.1/docs/deprecated-list.html
mg4j-big-5.4.1/docs/package-list
mg4j-big-5.4.1/docs/index.html
mg4j-big-5.4.1/docs/help-doc.html
mg4j-big-5.4.1/docs/allclasses-frame.html
mg4j-big-5.4.1/docs/script.js
mg4j-big-5.4.1/docs/allclasses-noframe.html
mg4j-big-5.4.1/docs/overview-frame.html
mg4j-big-5.4.1/docs/stylesheet.css
mg4j-big-5.4.1/docs/index-all.html
mg4j-big-5.4.1/docs/constant-values.html
mg4j-big-5.4.1/docs/overview-tree.html
mg4j-big-5.4.1/docs/it/
mg4j-big-5.4.1/docs/it/unimi/
mg4j-big-5.4.1/docs/it/unimi/di/
mg4j-big-5.4.1/docs/it/unimi/di/big/
mg4j-big-5.4.1/docs/it/unimi/di/big/mg4j/
mg4j-big-5.4.1/docs/it/unimi/di/big/mg4j/tool/
mg4j-big-5.4.1/docs/it/unimi/di/big/mg4j/tool/VirtualDocumentResolver.html
mg4j-big-5.4.1/docs/it/unimi/di/big/mg4j/tool/package-tree.html
mg4j-big-5.4.1/docs/it/unimi/di/big/mg4j/tool/PartitionLexically.html
mg4j-big-5.4.1/docs/it/unimi/di/big/mg4j/tool/package-summary.html
mg4j-big-5.4.1/docs/it/unimi/di/big/mg4j/tool/Scan.IndexingType.html
mg4j-big-5.4.1/docs/it/unimi/di/big/mg4j/tool/Scan.Completeness.html
mg4j-big-5.4.1/docs/it/unimi/di/big/mg4j/tool/Combine.IndexType.html
mg4j-big-5.4.1/docs/it/unimi/di/big/mg4j/tool/DumpVirtualDocumentFragments.html
mg4j-big-5.4.1/docs/it/unimi/di/big/mg4j/tool/Merge.html
mg4j-big-5.4.1/docs/it/unimi/di/big/mg4j/tool/package-frame.html
mg4j-big-5.4.1/docs/it/unimi/di/big/mg4j/tool/URLMPHVirtualDocumentResolver.html
mg4j-big-5.4.1/docs/it/unimi/di/big/mg4j/tool/Paste.html
mg4j-big-5.4.1/docs/it/unimi/di/big/mg4j/tool/ScanMetadata.html
mg4j-big-5.4.1/docs/it/unimi/di/big/mg4j/tool/Scan.VirtualDocumentFragment.html
mg4j-big-5.4.1/docs/it/unimi/di/big/mg4j/tool/IndexBuilder.html
mg4j-big-5.4.1/docs/it/unimi/di/big/mg4j/tool/Scan.html
mg4j-big-5.4.1/docs/it/unimi/di/big/mg4j/tool/Scan.PayloadAccumulator.html
mg4j-big-5.4.1/docs/it/unimi/di/big/mg4j/tool/PartitionDocumentally.html
mg4j-big-5.4.1/docs/it/unimi/di/big/mg4j/tool/Combine.GammaCodedIntIterator.html
mg4j-big-5.4.1/docs/it/unimi/di/big/mg4j/tool/Combine.html
mg4j-big-5.4.1/docs/it/unimi/di/big/mg4j/tool/PartitionLexically.LongWordInputBitStream.html
mg4j-big-5.4.1/docs/it/unimi/di/big/mg4j/tool/Concatenate.html
mg4j-big-5.4.1/docs/it/unimi/di/big/mg4j/tool/ComputeNumBitsPositions.html
mg4j-big-5.4.1/docs/it/unimi/di/big/mg4j/query/
mg4j-big-5.4.1/docs/it/unimi/di/big/mg4j/query/MarkingMutableString.EscapeStrategy.html
mg4j-big-5.4.1/docs/it/unimi/di/big/mg4j/query/Query.Command.html
mg4j-big-5.4.1/docs/it/unimi/di/big/mg4j/query/Query.html
mg4j-big-5.4.1/docs/it/unimi/di/big/mg4j/query/parser/
mg4j-big-5.4.1/docs/it/unimi/di/big/mg4j/query/parser/QueryParser.html
mg4j-big-5.4.1/docs/it/unimi/di/big/mg4j/query/parser/package-tree.html
mg4j-big-5.4.1/docs/it/unimi/di/big/mg4j/query/parser/SimpleCharStream.html
mg4j-big-5.4.1/docs/it/unimi/di/big/mg4j/query/parser/package-summary.html
mg4j-big-5.4.1/docs/it/unimi/di/big/mg4j/query/parser/SimpleParser.html
mg4j-big-5.4.1/docs/it/unimi/di/big/mg4j/query/parser/package-frame.html
mg4j-big-5.4.1/docs/it/unimi/di/big/mg4j/query/parser/Token.html
mg4j-big-5.4.1/docs/it/unimi/di/big/mg4j/query/parser/TokenMgrError.html
mg4j-big-5.4.1/docs/it/unimi/di/big/mg4j/query/parser/ParseException.html
mg4j-big-5.4.1/docs/it/unimi/di/big/mg4j/query/parser/QueryParserException.html
mg4j-big-5.4.1/docs/it/unimi/di/big/mg4j/query/parser/SimpleParserTokenManager.html
mg4j-big-5.4.1/docs/it/unimi/di/big/mg4j/query/parser/SimpleParserConstants.html
mg4j-big-5.4.1/docs/it/unimi/di/big/mg4j/query/Marker.html
mg4j-big-5.4.1/docs/it/unimi/di/big/mg4j/query/package-tree.html
mg4j-big-5.4.1/docs/it/unimi/di/big/mg4j/query/package-summary.html
mg4j-big-5.4.1/docs/it/unimi/di/big/mg4j/query/IntervalSelector.html
mg4j-big-5.4.1/docs/it/unimi/di/big/mg4j/query/HttpQueryServer.html
mg4j-big-5.4.1/docs/it/unimi/di/big/mg4j/query/SelectedInterval.html
mg4j-big-5.4.1/docs/it/unimi/di/big/mg4j/query/QueryEngine.html
mg4j-big-5.4.1/docs/it/unimi/di/big/mg4j/query/TextMarker.html
mg4j-big-5.4.1/docs/it/unimi/di/big/mg4j/query/GenericItem.html
mg4j-big-5.4.1/docs/it/unimi/di/big/mg4j/query/HttpFileServer.html
mg4j-big-5.4.1/docs/it/unimi/di/big/mg4j/query/package-frame.html
mg4j-big-5.4.1/docs/it/unimi/di/big/mg4j/query/HelpPage.html
mg4j-big-5.4.1/docs/it/unimi/di/big/mg4j/query/BrowseItem.html
mg4j-big-5.4.1/docs/it/unimi/di/big/mg4j/query/InputStreamItem.html
mg4j-big-5.4.1/docs/it/unimi/di/big/mg4j/query/Query.OutputType.html
mg4j-big-5.4.1/docs/it/unimi/di/big/mg4j/query/QueryServlet.html
mg4j-big-5.4.1/docs/it/unimi/di/big/mg4j/query/SelectedInterval.IntervalType.html
mg4j-big-5.4.1/docs/it/unimi/di/big/mg4j/query/MarkingMutableString.html
mg4j-big-5.4.1/docs/it/unimi/di/big/mg4j/query/FileSystemItem.html
mg4j-big-5.4.1/docs/it/unimi/di/big/mg4j/query/nodes/
mg4j-big-5.4.1/docs/it/unimi/di/big/mg4j/query/nodes/False.html
mg4j-big-5.4.1/docs/it/unimi/di/big/mg4j/query/nodes/Inclusion.html
mg4j-big-5.4.1/docs/it/unimi/di/big/mg4j/query/nodes/Align.html
mg4j-big-5.4.1/docs/it/unimi/di/big/mg4j/query/nodes/True.html
mg4j-big-5.4.1/docs/it/unimi/di/big/mg4j/query/nodes/Query.html
mg4j-big-5.4.1/docs/it/unimi/di/big/mg4j/query/nodes/AbstractTermExpander.html
mg4j-big-5.4.1/docs/it/unimi/di/big/mg4j/query/nodes/package-tree.html
mg4j-big-5.4.1/docs/it/unimi/di/big/mg4j/query/nodes/Containment.html
mg4j-big-5.4.1/docs/it/unimi/di/big/mg4j/query/nodes/package-summary.html
mg4j-big-5.4.1/docs/it/unimi/di/big/mg4j/query/nodes/Term.html
mg4j-big-5.4.1/docs/it/unimi/di/big/mg4j/query/nodes/Select.html
mg4j-big-5.4.1/docs/it/unimi/di/big/mg4j/query/nodes/Or.html
mg4j-big-5.4.1/docs/it/unimi/di/big/mg4j/query/nodes/Remap.html
mg4j-big-5.4.1/docs/it/unimi/di/big/mg4j/query/nodes/Queries.html
mg4j-big-5.4.1/docs/it/unimi/di/big/mg4j/query/nodes/And.html
mg4j-big-5.4.1/docs/it/unimi/di/big/mg4j/query/nodes/Not.html
mg4j-big-5.4.1/docs/it/unimi/di/big/mg4j/query/nodes/package-frame.html
mg4j-big-5.4.1/docs/it/unimi/di/big/mg4j/query/nodes/MultiTerm.html
mg4j-big-5.4.1/docs/it/unimi/di/big/mg4j/query/nodes/CheckForSelectQueryVisitor.html
mg4j-big-5.4.1/docs/it/unimi/di/big/mg4j/query/nodes/QueryBuilderVisitor.html
mg4j-big-5.4.1/docs/it/unimi/di/big/mg4j/query/nodes/Annotation.html
mg4j-big-5.4.1/docs/it/unimi/di/big/mg4j/query/nodes/AbstractQueryBuilderVisitor.html
mg4j-big-5.4.1/docs/it/unimi/di/big/mg4j/query/nodes/Consecutive.html
mg4j-big-5.4.1/docs/it/unimi/di/big/mg4j/query/nodes/Composite.html
mg4j-big-5.4.1/docs/it/unimi/di/big/mg4j/query/nodes/MultiIndexTermExpander.ExpanderVisitor.html
mg4j-big-5.4.1/docs/it/unimi/di/big/mg4j/query/nodes/LowPass.html
mg4j-big-5.4.1/docs/it/unimi/di/big/mg4j/query/nodes/MultiIndexTermExpander.html
mg4j-big-5.4.1/docs/it/unimi/di/big/mg4j/query/nodes/Prefix.html
mg4j-big-5.4.1/docs/it/unimi/di/big/mg4j/query/nodes/OrderedAnd.html
mg4j-big-5.4.1/docs/it/unimi/di/big/mg4j/query/nodes/AbstractTermExpander.ExpanderVisitor.html
mg4j-big-5.4.1/docs/it/unimi/di/big/mg4j/query/nodes/QueryTransformer.html
mg4j-big-5.4.1/docs/it/unimi/di/big/mg4j/query/nodes/Range.html
mg4j-big-5.4.1/docs/it/unimi/di/big/mg4j/query/nodes/Weight.html
mg4j-big-5.4.1/docs/it/unimi/di/big/mg4j/query/nodes/QueryBuilderVisitorException.html
mg4j-big-5.4.1/docs/it/unimi/di/big/mg4j/query/nodes/Difference.html
mg4j-big-5.4.1/docs/it/unimi/di/big/mg4j/query/ResultItem.html
mg4j-big-5.4.1/docs/it/unimi/di/big/mg4j/util/
mg4j-big-5.4.1/docs/it/unimi/di/big/mg4j/util/parser/
mg4j-big-5.4.1/docs/it/unimi/di/big/mg4j/util/parser/callback/
mg4j-big-5.4.1/docs/it/unimi/di/big/mg4j/util/parser/callback/package-tree.html
mg4j-big-5.4.1/docs/it/unimi/di/big/mg4j/util/parser/callback/package-summary.html
mg4j-big-5.4.1/docs/it/unimi/di/big/mg4j/util/parser/callback/AnchorExtractor.Anchor.html
mg4j-big-5.4.1/docs/it/unimi/di/big/mg4j/util/parser/callback/package-frame.html
mg4j-big-5.4.1/docs/it/unimi/di/big/mg4j/util/parser/callback/AnchorExtractor.html
mg4j-big-5.4.1/docs/it/unimi/di/big/mg4j/util/package-tree.html
mg4j-big-5.4.1/docs/it/unimi/di/big/mg4j/util/package-summary.html
mg4j-big-5.4.1/docs/it/unimi/di/big/mg4j/util/MimeTypeResolver.html
mg4j-big-5.4.1/docs/it/unimi/di/big/mg4j/util/package-frame.html
mg4j-big-5.4.1/docs/it/unimi/di/big/mg4j/util/SemiExternalOffsetBigList.html
mg4j-big-5.4.1/docs/it/unimi/di/big/mg4j/util/DocumentSequenceImmutableSequentialGraph.html
mg4j-big-5.4.1/docs/it/unimi/di/big/mg4j/util/MG4JClassParser.html
mg4j-big-5.4.1/docs/it/unimi/di/big/mg4j/document/
mg4j-big-5.4.1/docs/it/unimi/di/big/mg4j/document/AbstractDocumentCollection.html
mg4j-big-5.4.1/docs/it/unimi/di/big/mg4j/document/WikipediaDocumentSequence.MetadataKeys.html
mg4j-big-5.4.1/docs/it/unimi/di/big/mg4j/document/AbstractDocumentSequence.html
mg4j-big-5.4.1/docs/it/unimi/di/big/mg4j/document/JdbcDocumentCollection.html
mg4j-big-5.4.1/docs/it/unimi/di/big/mg4j/document/SubsetDocumentSequence.html
mg4j-big-5.4.1/docs/it/unimi/di/big/mg4j/document/package-tree.html
mg4j-big-5.4.1/docs/it/unimi/di/big/mg4j/document/DocumentCollection.html
mg4j-big-5.4.1/docs/it/unimi/di/big/mg4j/document/SimpleCompressedDocumentCollection.html
mg4j-big-5.4.1/docs/it/unimi/di/big/mg4j/document/package-summary.html
mg4j-big-5.4.1/docs/it/unimi/di/big/mg4j/document/ConcatenatedDocumentCollection.html
mg4j-big-5.4.1/docs/it/unimi/di/big/mg4j/document/SimpleCompressedDocumentCollection.FrequencyCodec.html
mg4j-big-5.4.1/docs/it/unimi/di/big/mg4j/document/DocumentFactory.FieldType.html
mg4j-big-5.4.1/docs/it/unimi/di/big/mg4j/document/CompositeDocumentSequence.html
mg4j-big-5.4.1/docs/it/unimi/di/big/mg4j/document/ReplicatedDocumentFactory.ReplicatedDocument.html
mg4j-big-5.4.1/docs/it/unimi/di/big/mg4j/document/ZipDocumentCollection.html
mg4j-big-5.4.1/docs/it/unimi/di/big/mg4j/document/WikipediaDocumentSequence.html
mg4j-big-5.4.1/docs/it/unimi/di/big/mg4j/document/TRECHeaderDocumentFactory.html
mg4j-big-5.4.1/docs/it/unimi/di/big/mg4j/document/WikipediaDocumentSequence.WikipediaHeaderFactory.html
mg4j-big-5.4.1/docs/it/unimi/di/big/mg4j/document/DocumentFactory.html
mg4j-big-5.4.1/docs/it/unimi/di/big/mg4j/document/WikipediaDocumentCollection.html
mg4j-big-5.4.1/docs/it/unimi/di/big/mg4j/document/DispatchingDocumentFactory.StringBasedDispatchingStrategy.html
mg4j-big-5.4.1/docs/it/unimi/di/big/mg4j/document/AbstractDocument.html
mg4j-big-5.4.1/docs/it/unimi/di/big/mg4j/document/ZipDocumentCollection.ZipFactory.html
mg4j-big-5.4.1/docs/it/unimi/di/big/mg4j/document/SubDocumentCollection.html
mg4j-big-5.4.1/docs/it/unimi/di/big/mg4j/document/PropertyBasedDocumentFactory.html
mg4j-big-5.4.1/docs/it/unimi/di/big/mg4j/document/TRECDocumentCollection.html
mg4j-big-5.4.1/docs/it/unimi/di/big/mg4j/document/FileSetDocumentCollection.html
mg4j-big-5.4.1/docs/it/unimi/di/big/mg4j/document/ZipDocumentCollectionBuilder.html
mg4j-big-5.4.1/docs/it/unimi/di/big/mg4j/document/IdentityDocumentFactory.MetadataKeys.html
mg4j-big-5.4.1/docs/it/unimi/di/big/mg4j/document/DocumentIterator.html
mg4j-big-5.4.1/docs/it/unimi/di/big/mg4j/document/package-frame.html
mg4j-big-5.4.1/docs/it/unimi/di/big/mg4j/document/TRECDocumentCollection.TRECDocumentDescriptor.html
mg4j-big-5.4.1/docs/it/unimi/di/big/mg4j/document/ReplicatedDocumentFactory.html
mg4j-big-5.4.1/docs/it/unimi/di/big/mg4j/document/DispatchingDocumentFactory.html
mg4j-big-5.4.1/docs/it/unimi/di/big/mg4j/document/Document.html
mg4j-big-5.4.1/docs/it/unimi/di/big/mg4j/document/DispatchingDocumentFactory.MetadataKeys.html
mg4j-big-5.4.1/docs/it/unimi/di/big/mg4j/document/CompositeDocumentFactory.html
mg4j-big-5.4.1/docs/it/unimi/di/big/mg4j/document/CompositeDocumentFactory.CompositeDocument.html
mg4j-big-5.4.1/docs/it/unimi/di/big/mg4j/document/ConcatenatedDocumentSequence.html
mg4j-big-5.4.1/docs/it/unimi/di/big/mg4j/document/tika/
mg4j-big-5.4.1/docs/it/unimi/di/big/mg4j/document/tika/package-tree.html
mg4j-big-5.4.1/docs/it/unimi/di/big/mg4j/document/tika/PdfDocumentFactory.html
mg4j-big-5.4.1/docs/it/unimi/di/big/mg4j/document/tika/package-summary.html
mg4j-big-5.4.1/docs/it/unimi/di/big/mg4j/document/tika/AbstractSimpleTikaDocumentFactory.html
mg4j-big-5.4.1/docs/it/unimi/di/big/mg4j/document/tika/TextDocumentFactory.html
mg4j-big-5.4.1/docs/it/unimi/di/big/mg4j/document/tika/TikaField.html
mg4j-big-5.4.1/docs/it/unimi/di/big/mg4j/document/tika/OpenDocumentDocumentFactory.html
mg4j-big-5.4.1/docs/it/unimi/di/big/mg4j/document/tika/package-frame.html
mg4j-big-5.4.1/docs/it/unimi/di/big/mg4j/document/tika/GreedyTikaField.html
mg4j-big-5.4.1/docs/it/unimi/di/big/mg4j/document/tika/AutoDetectDocumentFactory.html
mg4j-big-5.4.1/docs/it/unimi/di/big/mg4j/document/tika/EPUBDocumentFactory.html
mg4j-big-5.4.1/docs/it/unimi/di/big/mg4j/document/tika/RTFDocumentFactory.html
mg4j-big-5.4.1/docs/it/unimi/di/big/mg4j/document/tika/MSOfficeDocumentFactory.html
mg4j-big-5.4.1/docs/it/unimi/di/big/mg4j/document/tika/OOXMLDocumentFactory.html
mg4j-big-5.4.1/docs/it/unimi/di/big/mg4j/document/tika/AbstractTikaDocumentFactory.html
mg4j-big-5.4.1/docs/it/unimi/di/big/mg4j/document/tika/XMLDocumentFactory.html
mg4j-big-5.4.1/docs/it/unimi/di/big/mg4j/document/tika/HtmlDocumentFactory.html
mg4j-big-5.4.1/docs/it/unimi/di/big/mg4j/document/AbstractDocumentIterator.html
mg4j-big-5.4.1/docs/it/unimi/di/big/mg4j/document/PropertyBasedDocumentFactory.MetadataKeys.html
mg4j-big-5.4.1/docs/it/unimi/di/big/mg4j/document/IdentityDocumentFactory.html
mg4j-big-5.4.1/docs/it/unimi/di/big/mg4j/document/DocumentSequence.html
mg4j-big-5.4.1/docs/it/unimi/di/big/mg4j/document/HtmlDocumentFactory.HtmlDocument.html
mg4j-big-5.4.1/docs/it/unimi/di/big/mg4j/document/CSVDocumentCollection.html
mg4j-big-5.4.1/docs/it/unimi/di/big/mg4j/document/WikipediaDocumentSequence.SignedRedirectedStringMap.html
mg4j-big-5.4.1/docs/it/unimi/di/big/mg4j/document/AbstractDocumentFactory.html
mg4j-big-5.4.1/docs/it/unimi/di/big/mg4j/document/AbstractDocumentCollection.PropertyKeys.html
mg4j-big-5.4.1/docs/it/unimi/di/big/mg4j/document/InputStreamDocumentSequence.html
mg4j-big-5.4.1/docs/it/unimi/di/big/mg4j/document/WarcDocumentSequence.html
mg4j-big-5.4.1/docs/it/unimi/di/big/mg4j/document/SimpleCompressedDocumentCollectionBuilder.html
mg4j-big-5.4.1/docs/it/unimi/di/big/mg4j/document/HtmlDocumentFactory.MetadataKeys.html
mg4j-big-5.4.1/docs/it/unimi/di/big/mg4j/document/WikipediaDocumentCollection.WhitespaceWordReader.html
mg4j-big-5.4.1/docs/it/unimi/di/big/mg4j/document/DocumentCollectionBuilder.html
mg4j-big-5.4.1/docs/it/unimi/di/big/mg4j/document/DispatchingDocumentFactory.DispatchingStrategy.html
mg4j-big-5.4.1/docs/it/unimi/di/big/mg4j/document/JdbcDocumentCollection.JdbcDocumentIterator.html
mg4j-big-5.4.1/docs/it/unimi/di/big/mg4j/document/SubDocumentFactory.html
mg4j-big-5.4.1/docs/it/unimi/di/big/mg4j/document/ZipDocumentCollection.PropertyKeys.html
mg4j-big-5.4.1/docs/it/unimi/di/big/mg4j/document/HtmlDocumentFactory.html
mg4j-big-5.4.1/docs/it/unimi/di/big/mg4j/document/JavamailDocumentCollection.html
mg4j-big-5.4.1/docs/it/unimi/di/big/mg4j/index/
mg4j-big-5.4.1/docs/it/unimi/di/big/mg4j/index/BitStreamIndexReader.BitStreamIndexReaderIndexIterator.html
mg4j-big-5.4.1/docs/it/unimi/di/big/mg4j/index/DiskBasedIndex.html
mg4j-big-5.4.1/docs/it/unimi/di/big/mg4j/index/BitStreamHPIndexWriter.html
mg4j-big-5.4.1/docs/it/unimi/di/big/mg4j/index/VariableQuantumIndexWriter.html
mg4j-big-5.4.1/docs/it/unimi/di/big/mg4j/index/package-tree.html
mg4j-big-5.4.1/docs/it/unimi/di/big/mg4j/index/payload/
mg4j-big-5.4.1/docs/it/unimi/di/big/mg4j/index/payload/IntegerPayload.html
mg4j-big-5.4.1/docs/it/unimi/di/big/mg4j/index/payload/package-tree.html
mg4j-big-5.4.1/docs/it/unimi/di/big/mg4j/index/payload/package-summary.html
mg4j-big-5.4.1/docs/it/unimi/di/big/mg4j/index/payload/Payload.html
mg4j-big-5.4.1/docs/it/unimi/di/big/mg4j/index/payload/AbstractPayload.ComparatorPayloadPredicate.html
mg4j-big-5.4.1/docs/it/unimi/di/big/mg4j/index/payload/package-frame.html
mg4j-big-5.4.1/docs/it/unimi/di/big/mg4j/index/payload/AbstractPayload.html
mg4j-big-5.4.1/docs/it/unimi/di/big/mg4j/index/payload/DatePayload.html
mg4j-big-5.4.1/docs/it/unimi/di/big/mg4j/index/Index.EmptyIndexIterator.html
mg4j-big-5.4.1/docs/it/unimi/di/big/mg4j/index/SkipBitStreamIndexWriter.TowerData.html
mg4j-big-5.4.1/docs/it/unimi/di/big/mg4j/index/package-summary.html
mg4j-big-5.4.1/docs/it/unimi/di/big/mg4j/index/InMemoryIndex.html
mg4j-big-5.4.1/docs/it/unimi/di/big/mg4j/index/QuasiSuccinctIndexWriter.Accumulator.html
mg4j-big-5.4.1/docs/it/unimi/di/big/mg4j/index/MultiTermIndexIterator.html
mg4j-big-5.4.1/docs/it/unimi/di/big/mg4j/index/QuasiSuccinctIndexReader.LongWordBitReader.html
mg4j-big-5.4.1/docs/it/unimi/di/big/mg4j/index/BitStreamHPIndexReader.html
mg4j-big-5.4.1/docs/it/unimi/di/big/mg4j/index/QuasiSuccinctIndexWriter.html
mg4j-big-5.4.1/docs/it/unimi/di/big/mg4j/index/BitStreamHPIndexWriter.TowerData.html
mg4j-big-5.4.1/docs/it/unimi/di/big/mg4j/index/QuasiSuccinctIndexReader.html
mg4j-big-5.4.1/docs/it/unimi/di/big/mg4j/index/QuasiSuccinctIndexReader.RankedIndexIterator.html
mg4j-big-5.4.1/docs/it/unimi/di/big/mg4j/index/CompressionFlags.html
mg4j-big-5.4.1/docs/it/unimi/di/big/mg4j/index/snowball/
mg4j-big-5.4.1/docs/it/unimi/di/big/mg4j/index/snowball/SwedishStemmer.html
mg4j-big-5.4.1/docs/it/unimi/di/big/mg4j/index/snowball/DutchStemmer.html
mg4j-big-5.4.1/docs/it/unimi/di/big/mg4j/index/snowball/PortugueseStemmer.html
mg4j-big-5.4.1/docs/it/unimi/di/big/mg4j/index/snowball/package-tree.html
mg4j-big-5.4.1/docs/it/unimi/di/big/mg4j/index/snowball/HungarianStemmer.html
mg4j-big-5.4.1/docs/it/unimi/di/big/mg4j/index/snowball/ItalianStemmer.html
mg4j-big-5.4.1/docs/it/unimi/di/big/mg4j/index/snowball/PorterStemmer.html
mg4j-big-5.4.1/docs/it/unimi/di/big/mg4j/index/snowball/EnglishStemmer.html
mg4j-big-5.4.1/docs/it/unimi/di/big/mg4j/index/snowball/package-summary.html
mg4j-big-5.4.1/docs/it/unimi/di/big/mg4j/index/snowball/AbstractSnowballTermProcessor.html
mg4j-big-5.4.1/docs/it/unimi/di/big/mg4j/index/snowball/Among.html
mg4j-big-5.4.1/docs/it/unimi/di/big/mg4j/index/snowball/package-frame.html
mg4j-big-5.4.1/docs/it/unimi/di/big/mg4j/index/snowball/German2Stemmer.html
mg4j-big-5.4.1/docs/it/unimi/di/big/mg4j/index/snowball/KraaijPohlmannStemmer.html
mg4j-big-5.4.1/docs/it/unimi/di/big/mg4j/index/snowball/NorwegianStemmer.html
mg4j-big-5.4.1/docs/it/unimi/di/big/mg4j/index/snowball/FrenchStemmer.html
mg4j-big-5.4.1/docs/it/unimi/di/big/mg4j/index/snowball/GermanStemmer.html
mg4j-big-5.4.1/docs/it/unimi/di/big/mg4j/index/snowball/FinnishStemmer.html
mg4j-big-5.4.1/docs/it/unimi/di/big/mg4j/index/snowball/LovinsStemmer.html
mg4j-big-5.4.1/docs/it/unimi/di/big/mg4j/index/snowball/SpanishStemmer.html
mg4j-big-5.4.1/docs/it/unimi/di/big/mg4j/index/snowball/DanishStemmer.html
mg4j-big-5.4.1/docs/it/unimi/di/big/mg4j/index/AbstractIndexIterator.html
mg4j-big-5.4.1/docs/it/unimi/di/big/mg4j/index/BitStreamHPIndexReader.BitStreamHPIndexReaderIndexIterator.html
mg4j-big-5.4.1/docs/it/unimi/di/big/mg4j/index/Index.UriKeys.html
mg4j-big-5.4.1/docs/it/unimi/di/big/mg4j/index/IndexIterators.PositionsIterator.html
mg4j-big-5.4.1/docs/it/unimi/di/big/mg4j/index/IndexReader.html
mg4j-big-5.4.1/docs/it/unimi/di/big/mg4j/index/QuasiSuccinctIndexReader.EliasFanoPointerReader.html
mg4j-big-5.4.1/docs/it/unimi/di/big/mg4j/index/wired/
mg4j-big-5.4.1/docs/it/unimi/di/big/mg4j/index/wired/package-tree.html
mg4j-big-5.4.1/docs/it/unimi/di/big/mg4j/index/wired/package-summary.html
mg4j-big-5.4.1/docs/it/unimi/di/big/mg4j/index/wired/SkipGammaDeltaGammaDeltaBitStreamIndexReader.BitStreamIndexReaderIndexIterator.html
mg4j-big-5.4.1/docs/it/unimi/di/big/mg4j/index/wired/GammaDeltaGammaDeltaBitStreamIndexReader.html
mg4j-big-5.4.1/docs/it/unimi/di/big/mg4j/index/wired/GammaDeltaGammaDeltaBitStreamHPIndexReader.BitStreamHPIndexReaderIndexIterator.html
mg4j-big-5.4.1/docs/it/unimi/di/big/mg4j/index/wired/package-frame.html
mg4j-big-5.4.1/docs/it/unimi/di/big/mg4j/index/wired/GammaDeltaGammaDeltaBitStreamHPIndexReader.html
mg4j-big-5.4.1/docs/it/unimi/di/big/mg4j/index/wired/GammaDeltaGammaDeltaBitStreamIndexReader.BitStreamIndexReaderIndexIterator.html
mg4j-big-5.4.1/docs/it/unimi/di/big/mg4j/index/wired/SkipGammaDeltaGammaDeltaBitStreamIndexReader.html
mg4j-big-5.4.1/docs/it/unimi/di/big/mg4j/index/InMemoryHPIndex.html
mg4j-big-5.4.1/docs/it/unimi/di/big/mg4j/index/BitStreamHPIndex.html
mg4j-big-5.4.1/docs/it/unimi/di/big/mg4j/index/IndexIntervalIterator.html
mg4j-big-5.4.1/docs/it/unimi/di/big/mg4j/index/QuasiSuccinctIndexReader.PositionReader.html
mg4j-big-5.4.1/docs/it/unimi/di/big/mg4j/index/package-frame.html
mg4j-big-5.4.1/docs/it/unimi/di/big/mg4j/index/QuasiSuccinctIndex.html
mg4j-big-5.4.1/docs/it/unimi/di/big/mg4j/index/MemoryMappedIndex.html
mg4j-big-5.4.1/docs/it/unimi/di/big/mg4j/index/BitStreamIndex.html
mg4j-big-5.4.1/docs/it/unimi/di/big/mg4j/index/QuasiSuccinctIndex.PropertyKeys.html
mg4j-big-5.4.1/docs/it/unimi/di/big/mg4j/index/QuasiSuccinctIndexReader.EliasFanoIndexIterator.html
mg4j-big-5.4.1/docs/it/unimi/di/big/mg4j/index/DowncaseTermProcessor.html
mg4j-big-5.4.1/docs/it/unimi/di/big/mg4j/index/MemoryMappedHPIndex.html
mg4j-big-5.4.1/docs/it/unimi/di/big/mg4j/index/QuasiSuccinctIndexReader.PointerReader.html
mg4j-big-5.4.1/docs/it/unimi/di/big/mg4j/index/CompressionFlags.Coding.html
mg4j-big-5.4.1/docs/it/unimi/di/big/mg4j/index/TooManyTermsException.html
mg4j-big-5.4.1/docs/it/unimi/di/big/mg4j/index/FileHPIndex.html
mg4j-big-5.4.1/docs/it/unimi/di/big/mg4j/index/IndexIterators.html
mg4j-big-5.4.1/docs/it/unimi/di/big/mg4j/index/TermProcessor.html
mg4j-big-5.4.1/docs/it/unimi/di/big/mg4j/index/QuasiSuccinctIndexWriter.LongWordOutputBitStream.html
mg4j-big-5.4.1/docs/it/unimi/di/big/mg4j/index/NullTermProcessor.html
mg4j-big-5.4.1/docs/it/unimi/di/big/mg4j/index/FileIndex.html
mg4j-big-5.4.1/docs/it/unimi/di/big/mg4j/index/QuasiSuccinctIndexReader.CountReader.html
mg4j-big-5.4.1/docs/it/unimi/di/big/mg4j/index/Index.PropertyKeys.html
mg4j-big-5.4.1/docs/it/unimi/di/big/mg4j/index/QuasiSuccinctIndexReader.AbstractQuasiSuccinctIndexIterator.html
mg4j-big-5.4.1/docs/it/unimi/di/big/mg4j/index/BitStreamIndex.PropertyKeys.html
mg4j-big-5.4.1/docs/it/unimi/di/big/mg4j/index/SkipBitStreamIndexWriter.html
mg4j-big-5.4.1/docs/it/unimi/di/big/mg4j/index/cluster/
mg4j-big-5.4.1/docs/it/unimi/di/big/mg4j/index/cluster/PartitioningStrategy.html
mg4j-big-5.4.1/docs/it/unimi/di/big/mg4j/index/cluster/DocumentalConcatenatedClusterIndexIterator.html
mg4j-big-5.4.1/docs/it/unimi/di/big/mg4j/index/cluster/package-tree.html
mg4j-big-5.4.1/docs/it/unimi/di/big/mg4j/index/cluster/AbstractIndexClusterIndexReader.html
mg4j-big-5.4.1/docs/it/unimi/di/big/mg4j/index/cluster/LexicalClusterIndexReader.html
mg4j-big-5.4.1/docs/it/unimi/di/big/mg4j/index/cluster/package-summary.html
mg4j-big-5.4.1/docs/it/unimi/di/big/mg4j/index/cluster/IndexCluster.PropertyKeys.html
mg4j-big-5.4.1/docs/it/unimi/di/big/mg4j/index/cluster/DocumentalClusteringStrategy.html
mg4j-big-5.4.1/docs/it/unimi/di/big/mg4j/index/cluster/ContiguousDocumentalStrategy.html
mg4j-big-5.4.1/docs/it/unimi/di/big/mg4j/index/cluster/DocumentalMergedClusterIndexIterator.html
mg4j-big-5.4.1/docs/it/unimi/di/big/mg4j/index/cluster/DocumentalMergedClusterDocumentIterator.html
mg4j-big-5.4.1/docs/it/unimi/di/big/mg4j/index/cluster/LexicalClusteringStrategy.html
mg4j-big-5.4.1/docs/it/unimi/di/big/mg4j/index/cluster/FrequencyLexicalStrategy.html
mg4j-big-5.4.1/docs/it/unimi/di/big/mg4j/index/cluster/package-frame.html
mg4j-big-5.4.1/docs/it/unimi/di/big/mg4j/index/cluster/IdentityDocumentalStrategy.html
mg4j-big-5.4.1/docs/it/unimi/di/big/mg4j/index/cluster/DocumentalMergedCluster.html
mg4j-big-5.4.1/docs/it/unimi/di/big/mg4j/index/cluster/DocumentalConcatenatedCluster.html
mg4j-big-5.4.1/docs/it/unimi/di/big/mg4j/index/cluster/LexicalStrategies.html
mg4j-big-5.4.1/docs/it/unimi/di/big/mg4j/index/cluster/ContiguousLexicalStrategy.html
mg4j-big-5.4.1/docs/it/unimi/di/big/mg4j/index/cluster/DocumentalCluster.html
mg4j-big-5.4.1/docs/it/unimi/di/big/mg4j/index/cluster/DocumentalPartitioningStrategy.html
mg4j-big-5.4.1/docs/it/unimi/di/big/mg4j/index/cluster/IndexCluster.html
mg4j-big-5.4.1/docs/it/unimi/di/big/mg4j/index/cluster/DocumentalStrategies.html
mg4j-big-5.4.1/docs/it/unimi/di/big/mg4j/index/cluster/LexicalCluster.html
mg4j-big-5.4.1/docs/it/unimi/di/big/mg4j/index/cluster/ClusteringStrategy.html
mg4j-big-5.4.1/docs/it/unimi/di/big/mg4j/index/cluster/DocumentalConcatenatedClusterDocumentIterator.html
mg4j-big-5.4.1/docs/it/unimi/di/big/mg4j/index/cluster/DocumentalClusterIndexReader.html
mg4j-big-5.4.1/docs/it/unimi/di/big/mg4j/index/cluster/ChainedLexicalClusteringStrategy.html
mg4j-big-5.4.1/docs/it/unimi/di/big/mg4j/index/cluster/LexicalPartitioningStrategy.html
mg4j-big-5.4.1/docs/it/unimi/di/big/mg4j/index/AbstractBitStreamIndexWriter.html
mg4j-big-5.4.1/docs/it/unimi/di/big/mg4j/index/CompressionFlags.Component.html
mg4j-big-5.4.1/docs/it/unimi/di/big/mg4j/index/Index.html
mg4j-big-5.4.1/docs/it/unimi/di/big/mg4j/index/BitStreamIndexReader.html
mg4j-big-5.4.1/docs/it/unimi/di/big/mg4j/index/CachingOutputBitStream.html
mg4j-big-5.4.1/docs/it/unimi/di/big/mg4j/index/IndexWriter.html
mg4j-big-5.4.1/docs/it/unimi/di/big/mg4j/index/AbstractIndexReader.html
mg4j-big-5.4.1/docs/it/unimi/di/big/mg4j/index/BitStreamIndexWriter.html
mg4j-big-5.4.1/docs/it/unimi/di/big/mg4j/index/IndexIterator.html
mg4j-big-5.4.1/docs/it/unimi/di/big/mg4j/index/QuasiSuccinctIndexReader.RankedPointerReader.html
mg4j-big-5.4.1/docs/it/unimi/di/big/mg4j/index/QuasiSuccinctIndexWriter.LongWordCache.html
mg4j-big-5.4.1/docs/it/unimi/di/big/mg4j/search/
mg4j-big-5.4.1/docs/it/unimi/di/big/mg4j/search/OrDocumentIterator.OrIntervalIterator.html
mg4j-big-5.4.1/docs/it/unimi/di/big/mg4j/search/OrDocumentIterator.OrIndexIntervalIterator.html
mg4j-big-5.4.1/docs/it/unimi/di/big/mg4j/search/AbstractIntersectionDocumentIterator.html
mg4j-big-5.4.1/docs/it/unimi/di/big/mg4j/search/AnnotationDocumentIterator.AnnotationIntervalIterator.html
mg4j-big-5.4.1/docs/it/unimi/di/big/mg4j/search/AnnotationDocumentIterator.html
mg4j-big-5.4.1/docs/it/unimi/di/big/mg4j/search/TrueDocumentIterator.html
mg4j-big-5.4.1/docs/it/unimi/di/big/mg4j/search/ContainmentDocumentIterator.html
mg4j-big-5.4.1/docs/it/unimi/di/big/mg4j/search/package-tree.html
mg4j-big-5.4.1/docs/it/unimi/di/big/mg4j/search/DifferenceDocumentIterator.DifferenceIntervalIterator.html
mg4j-big-5.4.1/docs/it/unimi/di/big/mg4j/search/AbstractUnionDocumentIterator.IntHeapSemiIndirectPriorityQueue.html
mg4j-big-5.4.1/docs/it/unimi/di/big/mg4j/search/ConsecutiveDocumentIterator.html
mg4j-big-5.4.1/docs/it/unimi/di/big/mg4j/search/package-summary.html
mg4j-big-5.4.1/docs/it/unimi/di/big/mg4j/search/FalseDocumentIterator.html
mg4j-big-5.4.1/docs/it/unimi/di/big/mg4j/search/DocumentIterators.html
mg4j-big-5.4.1/docs/it/unimi/di/big/mg4j/search/score/
mg4j-big-5.4.1/docs/it/unimi/di/big/mg4j/search/score/AbstractAggregator.html
mg4j-big-5.4.1/docs/it/unimi/di/big/mg4j/search/score/ConstantScorer.html
mg4j-big-5.4.1/docs/it/unimi/di/big/mg4j/search/score/DecreasingDocumentRankScorer.html
mg4j-big-5.4.1/docs/it/unimi/di/big/mg4j/search/score/package-tree.html
mg4j-big-5.4.1/docs/it/unimi/di/big/mg4j/search/score/package-summary.html
mg4j-big-5.4.1/docs/it/unimi/di/big/mg4j/search/score/BM25FScorer.Visitor.html
mg4j-big-5.4.1/docs/it/unimi/di/big/mg4j/search/score/ClarkeCormackScorer.html
mg4j-big-5.4.1/docs/it/unimi/di/big/mg4j/search/score/DocumentScoreInfo.html
mg4j-big-5.4.1/docs/it/unimi/di/big/mg4j/search/score/DelegatingScorer.html
mg4j-big-5.4.1/docs/it/unimi/di/big/mg4j/search/score/package-frame.html
mg4j-big-5.4.1/docs/it/unimi/di/big/mg4j/search/score/TfIdfScorer.html
mg4j-big-5.4.1/docs/it/unimi/di/big/mg4j/search/score/Scorer.html
mg4j-big-5.4.1/docs/it/unimi/di/big/mg4j/search/score/CountScorer.html
mg4j-big-5.4.1/docs/it/unimi/di/big/mg4j/search/score/DocumentRankScorer.html
mg4j-big-5.4.1/docs/it/unimi/di/big/mg4j/search/score/BM25Scorer.html
mg4j-big-5.4.1/docs/it/unimi/di/big/mg4j/search/score/BM25FScorer.html
mg4j-big-5.4.1/docs/it/unimi/di/big/mg4j/search/score/ScoredDocumentBoundedSizeQueue.html
mg4j-big-5.4.1/docs/it/unimi/di/big/mg4j/search/score/AbstractScorer.html
mg4j-big-5.4.1/docs/it/unimi/di/big/mg4j/search/score/LinearAggregator.html
mg4j-big-5.4.1/docs/it/unimi/di/big/mg4j/search/score/AbstractWeightedScorer.html
mg4j-big-5.4.1/docs/it/unimi/di/big/mg4j/search/score/VignaScorer.html
mg4j-big-5.4.1/docs/it/unimi/di/big/mg4j/search/LowPassDocumentIterator.LowPassIntervalIterator.html
mg4j-big-5.4.1/docs/it/unimi/di/big/mg4j/search/AbstractCompositeDocumentIterator.html
mg4j-big-5.4.1/docs/it/unimi/di/big/mg4j/search/RemappingDocumentIterator.html
mg4j-big-5.4.1/docs/it/unimi/di/big/mg4j/search/PayloadPredicateDocumentIterator.html
mg4j-big-5.4.1/docs/it/unimi/di/big/mg4j/search/AbstractUnionDocumentIterator.LongHeapSemiIndirectPriorityQueue.html
mg4j-big-5.4.1/docs/it/unimi/di/big/mg4j/search/ConsecutiveDocumentIterator.ConsecutiveIntervalIterator.html
mg4j-big-5.4.1/docs/it/unimi/di/big/mg4j/search/Index2IntervalIteratorMap.html
mg4j-big-5.4.1/docs/it/unimi/di/big/mg4j/search/OrderedAndDocumentIterator.OrderedAndIntervalIterator.html
mg4j-big-5.4.1/docs/it/unimi/di/big/mg4j/search/AlignDocumentIterator.AlignIntervalIterator.html
mg4j-big-5.4.1/docs/it/unimi/di/big/mg4j/search/NotDocumentIterator.html
mg4j-big-5.4.1/docs/it/unimi/di/big/mg4j/search/OrDocumentIterator.html
mg4j-big-5.4.1/docs/it/unimi/di/big/mg4j/search/LowPassDocumentIterator.html
mg4j-big-5.4.1/docs/it/unimi/di/big/mg4j/search/visitor/
mg4j-big-5.4.1/docs/it/unimi/di/big/mg4j/search/visitor/package-tree.html
mg4j-big-5.4.1/docs/it/unimi/di/big/mg4j/search/visitor/package-summary.html
mg4j-big-5.4.1/docs/it/unimi/di/big/mg4j/search/visitor/TermCollectionVisitor.html
mg4j-big-5.4.1/docs/it/unimi/di/big/mg4j/search/visitor/TrueTermsCollectionVisitor.html
mg4j-big-5.4.1/docs/it/unimi/di/big/mg4j/search/visitor/AbstractDocumentIteratorVisitor.html
mg4j-big-5.4.1/docs/it/unimi/di/big/mg4j/search/visitor/package-frame.html
mg4j-big-5.4.1/docs/it/unimi/di/big/mg4j/search/visitor/DocumentIteratorVisitor.html
mg4j-big-5.4.1/docs/it/unimi/di/big/mg4j/search/visitor/CounterSetupVisitor.html
mg4j-big-5.4.1/docs/it/unimi/di/big/mg4j/search/visitor/CounterCollectionVisitor.html
mg4j-big-5.4.1/docs/it/unimi/di/big/mg4j/search/DocumentIterator.html
mg4j-big-5.4.1/docs/it/unimi/di/big/mg4j/search/package-frame.html
mg4j-big-5.4.1/docs/it/unimi/di/big/mg4j/search/AndDocumentIterator.AndIntervalIterator.html
mg4j-big-5.4.1/docs/it/unimi/di/big/mg4j/search/CachingDocumentIterator.html
mg4j-big-5.4.1/docs/it/unimi/di/big/mg4j/search/AbstractCompositeDocumentIterator.AbstractCompositeIntervalIterator.html
mg4j-big-5.4.1/docs/it/unimi/di/big/mg4j/search/AbstractIntervalDocumentIterator.html
mg4j-big-5.4.1/docs/it/unimi/di/big/mg4j/search/AbstractCompositeDocumentIterator.AbstractCompositeIndexIntervalIterator.html
mg4j-big-5.4.1/docs/it/unimi/di/big/mg4j/search/AlignDocumentIterator.html
mg4j-big-5.4.1/docs/it/unimi/di/big/mg4j/search/IntervalIterator.html
mg4j-big-5.4.1/docs/it/unimi/di/big/mg4j/search/InclusionDocumentIterator.html
mg4j-big-5.4.1/docs/it/unimi/di/big/mg4j/search/IntervalIterators.FakeIterator.html
mg4j-big-5.4.1/docs/it/unimi/di/big/mg4j/search/DifferenceDocumentIterator.html
mg4j-big-5.4.1/docs/it/unimi/di/big/mg4j/search/IntervalIterators.html
mg4j-big-5.4.1/docs/it/unimi/di/big/mg4j/search/AndDocumentIterator.html
mg4j-big-5.4.1/docs/it/unimi/di/big/mg4j/search/AbstractUnionDocumentIterator.html
mg4j-big-5.4.1/docs/it/unimi/di/big/mg4j/search/ConsecutiveDocumentIterator.ConsecutiveIndexIntervalIterator.html
mg4j-big-5.4.1/docs/it/unimi/di/big/mg4j/search/ContainmentDocumentIterator.ContainmentIntervalIterator.html
mg4j-big-5.4.1/docs/it/unimi/di/big/mg4j/search/AbstractDocumentIterator.html
mg4j-big-5.4.1/docs/it/unimi/di/big/mg4j/search/DocumentIteratorBuilderVisitor.html
mg4j-big-5.4.1/docs/it/unimi/di/big/mg4j/search/OrderedAndDocumentIterator.OrderedAndIndexIntervalIterator.html
mg4j-big-5.4.1/docs/it/unimi/di/big/mg4j/search/OrderedAndDocumentIterator.html
mg4j-big-5.4.1/docs/it/unimi/di/big/mg4j/search/AndDocumentIterator.AndIndexIntervalIterator.html
mg4j-big-5.4.1/docs/it/unimi/di/big/mg4j/search/AbstractOrderedIntervalDocumentIterator.html
mg4j-big-5.4.1/docs/it/unimi/di/big/mg4j/search/InclusionDocumentIterator.InclusionIntervalIterator.html
mg4j-big-5.4.1/docs/it/unimi/di/big/mg4j/search/AlignDocumentIterator.AlignIndexIntervalIterator.html
mg4j-big-5.4.1/docs/it/unimi/di/big/mg4j/io/
mg4j-big-5.4.1/docs/it/unimi/di/big/mg4j/io/package-tree.html
mg4j-big-5.4.1/docs/it/unimi/di/big/mg4j/io/HadoopFileSystemIOFactory.html
mg4j-big-5.4.1/docs/it/unimi/di/big/mg4j/io/ArithmeticDecoder.html
mg4j-big-5.4.1/docs/it/unimi/di/big/mg4j/io/package-summary.html
mg4j-big-5.4.1/docs/it/unimi/di/big/mg4j/io/IOFactories.FileLinesIterable.FileLinesIterator.html
mg4j-big-5.4.1/docs/it/unimi/di/big/mg4j/io/InterpolativeCoding.html
mg4j-big-5.4.1/docs/it/unimi/di/big/mg4j/io/IOFactory.html
mg4j-big-5.4.1/docs/it/unimi/di/big/mg4j/io/IOFactories.FileLinesIterable.html
mg4j-big-5.4.1/docs/it/unimi/di/big/mg4j/io/package-frame.html
mg4j-big-5.4.1/docs/it/unimi/di/big/mg4j/io/ArithmeticCoder.html
mg4j-big-5.4.1/docs/it/unimi/di/big/mg4j/io/ByteArrayPostingList.html
mg4j-big-5.4.1/docs/it/unimi/di/big/mg4j/io/IOFactories.html
mg4j-big-5.4.1/docs/it/unimi/di/big/mg4j/test/
mg4j-big-5.4.1/docs/it/unimi/di/big/mg4j/test/package-tree.html
mg4j-big-5.4.1/docs/it/unimi/di/big/mg4j/test/package-summary.html
mg4j-big-5.4.1/docs/it/unimi/di/big/mg4j/test/package-frame.html
mg4j-big-5.4.1/docs/it/unimi/di/big/mg4j/test/Verifier.html
mg4j-big-5.4.1/docs/it/unimi/di/big/mg4j/examples/
mg4j-big-5.4.1/docs/it/unimi/di/big/mg4j/examples/package-tree.html
mg4j-big-5.4.1/docs/it/unimi/di/big/mg4j/examples/package-summary.html
mg4j-big-5.4.1/docs/it/unimi/di/big/mg4j/examples/package-frame.html
mg4j-big-5.4.1/docs/it/unimi/di/big/mg4j/examples/RunQuery.html
mg4j-big-5.4.1/docs/overview-summary.html
mg4j-big-5.4.1/manual/manual.xml
mg4j-big-5.4.1/manual/manual.pdf
mg4j-big-5.4.1/manual/manual/
mg4j-big-5.4.1/manual/manual/manual.proc
commons-lang-2.6.jar
netcdf4-4.5.5.jar
bliki-core-3.0.19.jar
opennlp-tools-1.5.3.jar
wstx-asl-3.2.6.jar
vorbis-java-tika-0.6.jar
jets3t-0.6.1.jar
commons-math-2.1.jar
jaxb-api-2.2.2.jar
hadoop-annotations-0.23.6.jar
servlet-api-2.5-20081211.jar
jaxb-impl-2.2.3-1.jar
httpclient-4.5.jar
commons-compress-1.9.jar
commons-net-1.4.1.jar
boilerpipe-1.1.0.jar
fastutil-7.0.6.jar
log4j-over-slf4j-1.7.12.jar
netty-3.2.4.Final.jar
commons-lang3-3.3.2.jar
jasper-compiler-5.5.23.jar
jackson-xc-1.8.8.jar
oro-2.0.8.jar
xmpcore-5.1.2.jar
commons-codec-1.9.jar
bcprov-jdk15on-1.52.jar
poi-ooxml-3.12.jar
java-libpst-0.8.1.jar
jsoup-1.7.2.jar
jsap-2.1.jar
colt-1.2.0.jar
maven-scm-provider-svnexe-1.4.jar
bzip2-0.9.1.jar
concurrent-1.3.4.jar
commons-el-1.0.jar
sis-utility-0.5.jar
juniversalchardet-1.0.3.jar
fontbox-1.8.9.jar
commons-httpclient-3.1.jar
webgraph-big-3.3.6.jar
regexp-1.3.jar
ehcache-core-2.6.2.jar
aspectjrt-1.8.0.jar
sis-netcdf-0.5.jar
sis-storage-0.5.jar
maven-scm-provider-svn-commons-1.4.jar
avro-1.5.3.jar
mail-1.5.0-b01.jar
tagsoup-1.2.1.jar
dsiutils-2.2.4.jar
commons-fileupload-1.0.jar
asm-debug-all-4.1.jar
logback-classic-1.1.3.jar
opennlp-maxent-3.0.3.jar
c3p0-0.9.1.1.jar
commons-vfs2-2.0.jar
velocity-1.7.jar
pdfbox-1.8.9.jar
jhighlight-1.0.2.jar
collections-generic-4.01.jar
mx4j-tools-3.0.1.jar
cdm-4.5.5.jar
umlgraph-5.6.6.jar
jj2000-5.2.jar
sux4j-3.2.2.jar
snappy-java-1.0.3.2.jar
vorbis-java-core-0.6.jar
bcpkix-jdk15on-1.52.jar
jung-algorithms-2.0.1.jar
mysql-connector-java-5.1.36.jar
je-5.0.73.jar
velocity-dep-1.4.jar
struts-1.2.9.jar
commons-validator-1.3.1.jar
isoparser-1.0.2.jar
tika-core-1.9.jar
jcip-annotations-1.0.jar
httpmime-4.2.6.jar
apache-mime4j-core-0.7.2.jar
jgroups-3.6.2.Final.jar
logback-core-1.1.3.jar
jersey-server-1.8.jar
jmatio-1.0.jar
plexus-utils-1.5.6.jar
commons-collections-20040616.jar
httpcore-4.4.1.jar
paranamer-2.3.jar
activation-1.1.jar
poi-3.12.jar
jempbox-1.8.9.jar
httpservices-4.5.5.jar
jericho-html-dev-20131217.jar
jettison-1.1.jar
bubing-0.9.11.jar
xmlenc-0.52.jar
jdom2-2.0.4.jar
avro-ipc-1.5.3.jar
webgraph-3.4.3.jar
jwnl-1.3.3.jar
jetty-util-6.1.26.jar
geoapi-3.0.0.jar
jdiff-1.0.9.jar
commons-exec-1.3.jar
commons-csv-1.0.jar
jung-io-2.0.1.jar
jsp-api-2.1.jar
sis-referencing-0.5.jar
junit-4.11.jar
javacc-5.0.jar
jcl-over-slf4j-1.7.12.jar
rome-1.0.jar
slf4j-api-1.7.12.jar
jackson-jaxrs-1.8.8.jar
commons-cli-1.2.jar
antlr-2.7.2.jar
sslext-1.2-0.jar
kfs-0.3.jar
jna-4.1.0.jar
jdom-1.0.jar
core-3.1.1.jar
jai4j-2.0.11.jar
protobuf-java-2.5.0.jar
hadoop-common-0.23.6.jar
tika-parsers-1.9.jar
sis-metadata-0.5.jar
junrar-0.7.jar
commons-io-2.4.jar
pojo-mbean-1.1.jar
xz-1.5.jar
maven-scm-api-1.4.jar
guava-19.0-rc1.jar
asm-3.2.jar
jetty-6.1.26.jar
jackson-mapper-asl-1.8.8.jar
velocity-tools-1.3.jar
commons-beanutils-1.8.3.jar
joda-time-2.2.jar
bcmail-jdk15on-1.52.jar
poi-scratchpad-3.12.jar
jcommander-1.35.jar
hamcrest-core-1.3.jar
commons-logging-api-1.1.jar
commons-configuration-1.9.jar
apache-mime4j-dom-0.7.2.jar
quartz-2.2.0.jar
jersey-json-1.8.jar
metadata-extractor-2.8.0.jar
hadoop-auth-0.23.6.jar
commons-digester-2.1.jar
stax-api-1.0.1.jar
xalan-2.5.1.jar
jung-api-2.0.1.jar
commons-math3-3.5.jar
grib-4.5.5.jar
json-simple-1.1.1.jar
poi-ooxml-schemas-3.12.jar
jasper-runtime-5.5.23.jar
jsr-275-0.9.3.jar
mx4j-3.0.2.jar
udunits-4.5.5.jar
jersey-core-1.8.jar
dnsjava-2.1.7.jar
jackson-core-asl-1.8.8.jar
commons-logging-1.2.jar
xmlbeans-2.6.0.jar
Indexing time: 5089s
